# JRE version: Java(TM) SE Runtime Environment (8.0_241-b07) (build 1.8.0_241-b07)
# Java VM: Java HotSpot(TM) 64-Bit Server VM (25.241-b07 mixed mode windows-amd64 )
Heap:
 PSYoungGen      total 826880K, used 660789K [0x00000011c6d00000, 0x00000011fcf80000, 0x00000019ea200000)
  eden space 768512K, 83% used [0x00000011c6d00000,0x00000011ee2a5428,0x00000011f5b80000)
  from space 58368K, 27% used [0x00000011f9280000,0x00000011fa228060,0x00000011fcb80000)
  to   space 56320K, 0% used [0x00000011f5b80000,0x00000011f5b80000,0x00000011f9280000)
 ParOldGen       total 180224K, used 126307K [0x0000000180200000, 0x000000018b200000, 0x00000011c6d00000)
  object space 180224K, 70% used [0x0000000180200000,0x0000000187d58d28,0x000000018b200000)
 Metaspace       used 10551K, capacity 10807K, committed 11008K, reserved 12288K
GC Heap History (10 events):
Event: 44.339 GC heap before
{Heap before GC invocations=12 (full 1):
 PSYoungGen      total 416256K, used 384200K [0x00000011c6d00000, 0x00000011e3d80000, 0x00000019ea200000)
  eden space 356352K, 100% used [0x00000011c6d00000,0x00000011dc900000,0x00000011dc900000)
  from space 59904K, 46% used [0x00000011e0100000,0x00000011e1c323d8,0x00000011e3b80000)
  to   space 57344K, 0% used [0x00000011dc900000,0x00000011dc900000,0x00000011e0100000)
 ParOldGen       total 147968K, used 111897K [0x0000000180200000, 0x0000000189280000, 0x00000011c6d00000)
  object space 147968K, 75% used [0x0000000180200000,0x0000000186f46468,0x0000000189280000)
 Metaspace       used 10481K, capacity 10743K, committed 11008K, reserved 12288K
Event: 44.366 GC heap after
Heap after GC invocations=12 (full 1):
 PSYoungGen      total 413696K, used 10420K [0x00000011c6d00000, 0x00000011ee800000, 0x00000019ea200000)
  eden space 356352K, 0% used [0x00000011c6d00000,0x00000011c6d00000,0x00000011dc900000)
  from space 57344K, 18% used [0x00000011dc900000,0x00000011dd32d190,0x00000011e0100000)
  to   space 56832K, 0% used [0x00000011eb080000,0x00000011eb080000,0x00000011ee800000)
 ParOldGen       total 147968K, used 139302K [0x0000000180200000, 0x0000000189280000, 0x00000011c6d00000)
  object space 147968K, 94% used [0x0000000180200000,0x0000000188a09b90,0x0000000189280000)
 Metaspace       used 10481K, capacity 10743K, committed 11008K, reserved 12288K
}
Event: 44.366 GC heap before
{Heap before GC invocations=13 (full 2):
 PSYoungGen      total 413696K, used 10420K [0x00000011c6d00000, 0x00000011ee800000, 0x00000019ea200000)
  eden space 356352K, 0% used [0x00000011c6d00000,0x00000011c6d00000,0x00000011dc900000)
  from space 57344K, 18% used [0x00000011dc900000,0x00000011dd32d190,0x00000011e0100000)
  to   space 56832K, 0% used [0x00000011eb080000,0x00000011eb080000,0x00000011ee800000)
 ParOldGen       total 147968K, used 139302K [0x0000000180200000, 0x0000000189280000, 0x00000011c6d00000)
  object space 147968K, 94% used [0x0000000180200000,0x0000000188a09b90,0x0000000189280000)
 Metaspace       used 10481K, capacity 10743K, committed 11008K, reserved 12288K
Event: 44.529 GC heap after
Heap after GC invocations=13 (full 2):
 PSYoungGen      total 413696K, used 0K [0x00000011c6d00000, 0x00000011ee800000, 0x00000019ea200000)
  eden space 356352K, 0% used [0x00000011c6d00000,0x00000011c6d00000,0x00000011dc900000)
  from space 57344K, 0% used [0x00000011dc900000,0x00000011dc900000,0x00000011e0100000)
  to   space 56832K, 0% used [0x00000011eb080000,0x00000011eb080000,0x00000011ee800000)
 ParOldGen       total 180224K, used 104751K [0x0000000180200000, 0x000000018b200000, 0x00000011c6d00000)
  object space 180224K, 58% used [0x0000000180200000,0x000000018684be70,0x000000018b200000)
 Metaspace       used 10481K, capacity 10743K, committed 11008K, reserved 12288K
}
Event: 46.427 GC heap before
{Heap before GC invocations=14 (full 2):
 PSYoungGen      total 413696K, used 356352K [0x00000011c6d00000, 0x00000011ee800000, 0x00000019ea200000)
  eden space 356352K, 100% used [0x00000011c6d00000,0x00000011dc900000,0x00000011dc900000)
  from space 57344K, 0% used [0x00000011dc900000,0x00000011dc900000,0x00000011e0100000)
  to   space 56832K, 0% used [0x00000011eb080000,0x00000011eb080000,0x00000011ee800000)
 ParOldGen       total 180224K, used 104751K [0x0000000180200000, 0x000000018b200000, 0x00000011c6d00000)
  object space 180224K, 58% used [0x0000000180200000,0x000000018684be70,0x000000018b200000)
 Metaspace       used 10492K, capacity 10807K, committed 11008K, reserved 12288K
Event: 46.451 GC heap after
Heap after GC invocations=14 (full 2):
 PSYoungGen      total 574976K, used 40368K [0x00000011c6d00000, 0x00000011ee200000, 0x00000019ea200000)
  eden space 524288K, 0% used [0x00000011c6d00000,0x00000011c6d00000,0x00000011e6d00000)
  from space 50688K, 79% used [0x00000011eb080000,0x00000011ed7ec180,0x00000011ee200000)
  to   space 59904K, 0% used [0x00000011e6d00000,0x00000011e6d00000,0x00000011ea780000)
 ParOldGen       total 180224K, used 104751K [0x0000000180200000, 0x000000018b200000, 0x00000011c6d00000)
  object space 180224K, 58% used [0x0000000180200000,0x000000018684be70,0x000000018b200000)
 Metaspace       used 10492K, capacity 10807K, committed 11008K, reserved 12288K
}
Event: 47.492 GC heap before
{Heap before GC invocations=15 (full 2):
 PSYoungGen      total 574976K, used 564656K [0x00000011c6d00000, 0x00000011ee200000, 0x00000019ea200000)
  eden space 524288K, 100% used [0x00000011c6d00000,0x00000011e6d00000,0x00000011e6d00000)
  from space 50688K, 79% used [0x00000011eb080000,0x00000011ed7ec180,0x00000011ee200000)
  to   space 59904K, 0% used [0x00000011e6d00000,0x00000011e6d00000,0x00000011ea780000)
 ParOldGen       total 180224K, used 104751K [0x0000000180200000, 0x000000018b200000, 0x00000011c6d00000)
  object space 180224K, 58% used [0x0000000180200000,0x000000018684be70,0x000000018b200000)
 Metaspace       used 10510K, capacity 10807K, committed 11008K, reserved 12288K
Event: 47.513 GC heap after
Heap after GC invocations=15 (full 2):
 PSYoungGen      total 584192K, used 12192K [0x00000011c6d00000, 0x00000011fcb80000, 0x00000019ea200000)
  eden space 524288K, 0% used [0x00000011c6d00000,0x00000011c6d00000,0x00000011e6d00000)
  from space 59904K, 20% used [0x00000011e6d00000,0x00000011e78e82c0,0x00000011ea780000)
  to   space 58368K, 0% used [0x00000011f9280000,0x00000011f9280000,0x00000011fcb80000)
 ParOldGen       total 180224K, used 116244K [0x0000000180200000, 0x000000018b200000, 0x00000011c6d00000)
  object space 180224K, 64% used [0x0000000180200000,0x0000000187385038,0x000000018b200000)
 Metaspace       used 10510K, capacity 10807K, committed 11008K, reserved 12288K
}
Event: 48.153 GC heap before
{Heap before GC invocations=16 (full 2):
 PSYoungGen      total 584192K, used 536480K [0x00000011c6d00000, 0x00000011fcb80000, 0x00000019ea200000)
  eden space 524288K, 100% used [0x00000011c6d00000,0x00000011e6d00000,0x00000011e6d00000)
  from space 59904K, 20% used [0x00000011e6d00000,0x00000011e78e82c0,0x00000011ea780000)
  to   space 58368K, 0% used [0x00000011f9280000,0x00000011f9280000,0x00000011fcb80000)
 ParOldGen       total 180224K, used 116244K [0x0000000180200000, 0x000000018b200000, 0x00000011c6d00000)
  object space 180224K, 64% used [0x0000000180200000,0x0000000187385038,0x000000018b200000)
 Metaspace       used 10525K, capacity 10807K, committed 11008K, reserved 12288K
Event: 48.181 GC heap after
Heap after GC invocations=16 (full 2):
 PSYoungGen      total 826880K, used 16032K [0x00000011c6d00000, 0x00000011fcf80000, 0x00000019ea200000)
  eden space 768512K, 0% used [0x00000011c6d00000,0x00000011c6d00000,0x00000011f5b80000)
  from space 58368K, 27% used [0x00000011f9280000,0x00000011fa228060,0x00000011fcb80000)
  to   space 56320K, 0% used [0x00000011f5b80000,0x00000011f5b80000,0x00000011f9280000)
 ParOldGen       total 180224K, used 126307K [0x0000000180200000, 0x000000018b200000, 0x00000011c6d00000)
  object space 180224K, 70% used [0x0000000180200000,0x0000000187d58d28,0x000000018b200000)
 Metaspace       used 10525K, capacity 10807K, committed 11008K, reserved 12288K
}

