# JRE version: Java(TM) SE Runtime Environment (8.0_241-b07) (build 1.8.0_241-b07)
# Java VM: Java HotSpot(TM) 64-Bit Server VM (25.241-b07 mixed mode windows-amd64 compressed oops)
Heap:
 PSYoungGen      total 278016K, used 49921K [0x00000005b7300000, 0x00000005cc500000, 0x00000007c0000000)
  eden space 248320K, 18% used [0x00000005b7300000,0x00000005ba046ad8,0x00000005c6580000)
  from space 29696K, 11% used [0x00000005c8f00000,0x00000005c9279c70,0x00000005cac00000)
  to   space 42496K, 0% used [0x00000005c6580000,0x00000005c6580000,0x00000005c8f00000)
 ParOldGen       total 151040K, used 85798K [0x00000001a5800000, 0x00000001aeb80000, 0x00000005b7300000)
  object space 151040K, 56% used [0x00000001a5800000,0x00000001aabc99e0,0x00000001aeb80000)
 Metaspace       used 9955K, capacity 10120K, committed 10368K, reserved 1058816K
  class space    used 1283K, capacity 1369K, committed 1408K, reserved 1048576K
GC Heap History (10 events):
Event: 8.101 GC heap before
{Heap before GC invocations=5 (full 0):
 PSYoungGen      total 70656K, used 70645K [0x00000005b7300000, 0x00000005bbd00000, 0x00000007c0000000)
  eden space 65536K, 100% used [0x00000005b7300000,0x00000005bb300000,0x00000005bb300000)
  from space 5120K, 99% used [0x00000005bb800000,0x00000005bbcfd650,0x00000005bbd00000)
  to   space 5120K, 0% used [0x00000005bb300000,0x00000005bb300000,0x00000005bb800000)
 ParOldGen       total 86016K, used 19851K [0x00000001a5800000, 0x00000001aac00000, 0x00000005b7300000)
  object space 86016K, 23% used [0x00000001a5800000,0x00000001a6b62e78,0x00000001aac00000)
 Metaspace       used 8159K, capacity 8326K, committed 8576K, reserved 1056768K
  class space    used 982K, capacity 1049K, committed 1152K, reserved 1048576K
Event: 8.123 GC heap after
Heap after GC invocations=5 (full 0):
 PSYoungGen      total 70656K, used 5093K [0x00000005b7300000, 0x00000005c1700000, 0x00000007c0000000)
  eden space 65536K, 0% used [0x00000005b7300000,0x00000005b7300000,0x00000005bb300000)
  from space 5120K, 99% used [0x00000005bb300000,0x00000005bb7f9650,0x00000005bb800000)
  to   space 18432K, 0% used [0x00000005c0500000,0x00000005c0500000,0x00000005c1700000)
 ParOldGen       total 86016K, used 32354K [0x00000001a5800000, 0x00000001aac00000, 0x00000005b7300000)
  object space 86016K, 37% used [0x00000001a5800000,0x00000001a7798b10,0x00000001aac00000)
 Metaspace       used 8159K, capacity 8326K, committed 8576K, reserved 1056768K
  class space    used 982K, capacity 1049K, committed 1152K, reserved 1048576K
}
Event: 14.174 GC heap before
{Heap before GC invocations=6 (full 0):
 PSYoungGen      total 70656K, used 70629K [0x00000005b7300000, 0x00000005c1700000, 0x00000007c0000000)
  eden space 65536K, 100% used [0x00000005b7300000,0x00000005bb300000,0x00000005bb300000)
  from space 5120K, 99% used [0x00000005bb300000,0x00000005bb7f9650,0x00000005bb800000)
  to   space 18432K, 0% used [0x00000005c0500000,0x00000005c0500000,0x00000005c1700000)
 ParOldGen       total 86016K, used 32354K [0x00000001a5800000, 0x00000001aac00000, 0x00000005b7300000)
  object space 86016K, 37% used [0x00000001a5800000,0x00000001a7798b10,0x00000001aac00000)
 Metaspace       used 8168K, capacity 8326K, committed 8576K, reserved 1056768K
  class space    used 982K, capacity 1049K, committed 1152K, reserved 1048576K
Event: 14.194 GC heap after
Heap after GC invocations=6 (full 0):
 PSYoungGen      total 148992K, used 14933K [0x00000005b7300000, 0x00000005c1800000, 0x00000007c0000000)
  eden space 130560K, 0% used [0x00000005b7300000,0x00000005b7300000,0x00000005bf280000)
  from space 18432K, 81% used [0x00000005c0500000,0x00000005c1395670,0x00000005c1700000)
  to   space 18944K, 0% used [0x00000005bf280000,0x00000005bf280000,0x00000005c0500000)
 ParOldGen       total 86016K, used 32362K [0x00000001a5800000, 0x00000001aac00000, 0x00000005b7300000)
  object space 86016K, 37% used [0x00000001a5800000,0x00000001a779ab10,0x00000001aac00000)
 Metaspace       used 8168K, capacity 8326K, committed 8576K, reserved 1056768K
  class space    used 982K, capacity 1049K, committed 1152K, reserved 1048576K
}
Event: 26.243 GC heap before
{Heap before GC invocations=7 (full 0):
 PSYoungGen      total 148992K, used 145493K [0x00000005b7300000, 0x00000005c1800000, 0x00000007c0000000)
  eden space 130560K, 100% used [0x00000005b7300000,0x00000005bf280000,0x00000005bf280000)
  from space 18432K, 81% used [0x00000005c0500000,0x00000005c1395670,0x00000005c1700000)
  to   space 18944K, 0% used [0x00000005bf280000,0x00000005bf280000,0x00000005c0500000)
 ParOldGen       total 86016K, used 32362K [0x00000001a5800000, 0x00000001aac00000, 0x00000005b7300000)
  object space 86016K, 37% used [0x00000001a5800000,0x00000001a779ab10,0x00000001aac00000)
 Metaspace       used 8235K, capacity 8390K, committed 8576K, reserved 1056768K
  class space    used 997K, capacity 1049K, committed 1152K, reserved 1048576K
Event: 26.270 GC heap after
Heap after GC invocations=7 (full 0):
 PSYoungGen      total 149504K, used 18929K [0x00000005b7300000, 0x00000005cac00000, 0x00000007c0000000)
  eden space 130560K, 0% used [0x00000005b7300000,0x00000005b7300000,0x00000005bf280000)
  from space 18944K, 99% used [0x00000005bf280000,0x00000005c04fc680,0x00000005c0500000)
  to   space 29696K, 0% used [0x00000005c8f00000,0x00000005c8f00000,0x00000005cac00000)
 ParOldGen       total 86016K, used 47930K [0x00000001a5800000, 0x00000001aac00000, 0x00000005b7300000)
  object space 86016K, 55% used [0x00000001a5800000,0x00000001a86ce8d8,0x00000001aac00000)
 Metaspace       used 8235K, capacity 8390K, committed 8576K, reserved 1056768K
  class space    used 997K, capacity 1049K, committed 1152K, reserved 1048576K
}
Event: 43.372 GC heap before
{Heap before GC invocations=8 (full 0):
 PSYoungGen      total 149504K, used 149489K [0x00000005b7300000, 0x00000005cac00000, 0x00000007c0000000)
  eden space 130560K, 100% used [0x00000005b7300000,0x00000005bf280000,0x00000005bf280000)
  from space 18944K, 99% used [0x00000005bf280000,0x00000005c04fc680,0x00000005c0500000)
  to   space 29696K, 0% used [0x00000005c8f00000,0x00000005c8f00000,0x00000005cac00000)
 ParOldGen       total 86016K, used 47930K [0x00000001a5800000, 0x00000001aac00000, 0x00000005b7300000)
  object space 86016K, 55% used [0x00000001a5800000,0x00000001a86ce8d8,0x00000001aac00000)
 Metaspace       used 8239K, capacity 8390K, committed 8576K, reserved 1056768K
  class space    used 997K, capacity 1049K, committed 1152K, reserved 1048576K
Event: 43.405 GC heap after
Heap after GC invocations=8 (full 0):
 PSYoungGen      total 278016K, used 29680K [0x00000005b7300000, 0x00000005cc500000, 0x00000007c0000000)
  eden space 248320K, 0% used [0x00000005b7300000,0x00000005b7300000,0x00000005c6580000)
  from space 29696K, 99% used [0x00000005c8f00000,0x00000005cabfc050,0x00000005cac00000)
  to   space 42496K, 0% used [0x00000005c6580000,0x00000005c6580000,0x00000005c8f00000)
 ParOldGen       total 86016K, used 66772K [0x00000001a5800000, 0x00000001aac00000, 0x00000005b7300000)
  object space 86016K, 77% used [0x00000001a5800000,0x00000001a9935138,0x00000001aac00000)
 Metaspace       used 8239K, capacity 8390K, committed 8576K, reserved 1056768K
  class space    used 997K, capacity 1049K, committed 1152K, reserved 1048576K
}
Event: 43.405 GC heap before
{Heap before GC invocations=9 (full 1):
 PSYoungGen      total 278016K, used 29680K [0x00000005b7300000, 0x00000005cc500000, 0x00000007c0000000)
  eden space 248320K, 0% used [0x00000005b7300000,0x00000005b7300000,0x00000005c6580000)
  from space 29696K, 99% used [0x00000005c8f00000,0x00000005cabfc050,0x00000005cac00000)
  to   space 42496K, 0% used [0x00000005c6580000,0x00000005c6580000,0x00000005c8f00000)
 ParOldGen       total 86016K, used 66772K [0x00000001a5800000, 0x00000001aac00000, 0x00000005b7300000)
  object space 86016K, 77% used [0x00000001a5800000,0x00000001a9935138,0x00000001aac00000)
 Metaspace       used 8239K, capacity 8390K, committed 8576K, reserved 1056768K
  class space    used 997K, capacity 1049K, committed 1152K, reserved 1048576K
Event: 43.681 GC heap after
Heap after GC invocations=9 (full 1):
 PSYoungGen      total 278016K, used 3559K [0x00000005b7300000, 0x00000005cc500000, 0x00000007c0000000)
  eden space 248320K, 0% used [0x00000005b7300000,0x00000005b7300000,0x00000005c6580000)
  from space 29696K, 11% used [0x00000005c8f00000,0x00000005c9279c70,0x00000005cac00000)
  to   space 42496K, 0% used [0x00000005c6580000,0x00000005c6580000,0x00000005c8f00000)
 ParOldGen       total 151040K, used 85798K [0x00000001a5800000, 0x00000001aeb80000, 0x00000005b7300000)
  object space 151040K, 56% used [0x00000001a5800000,0x00000001aabc99e0,0x00000001aeb80000)
 Metaspace       used 8239K, capacity 8390K, committed 8576K, reserved 1056768K
  class space    used 997K, capacity 1049K, committed 1152K, reserved 1048576K
}

