# JRE version: Java(TM) SE Runtime Environment (8.0_241-b07) (build 1.8.0_241-b07)
# Java VM: Java HotSpot(TM) 64-Bit Server VM (25.241-b07 mixed mode windows-amd64 compressed oops)
Heap:
 PSYoungGen      total 785408K, used 29693K [0x000000078bf00000, 0x00000007c0000000, 0x00000007c0000000)
  eden space 742400K, 3% used [0x000000078bf00000,0x000000078dbff670,0x00000007b9400000)
  from space 43008K, 0% used [0x00000007b9400000,0x00000007b9400000,0x00000007bbe00000)
  to   space 58368K, 0% used [0x00000007bc700000,0x00000007bc700000,0x00000007c0000000)
 ParOldGen       total 395264K, used 249836K [0x0000000723c00000, 0x000000073be00000, 0x000000078bf00000)
  object space 395264K, 63% used [0x0000000723c00000,0x0000000732ffb060,0x000000073be00000)
 Metaspace       used 11032K, capacity 11208K, committed 11520K, reserved 1058816K
  class space    used 1350K, capacity 1433K, committed 1536K, reserved 1048576K
GC Heap History (10 events):
Event: 73.009 GC heap before
{Heap before GC invocations=27 (full 3):
 PSYoungGen      total 819200K, used 819170K [0x000000078bf00000, 0x00000007c0000000, 0x00000007c0000000)
  eden space 785408K, 100% used [0x000000078bf00000,0x00000007bbe00000,0x00000007bbe00000)
  from space 33792K, 99% used [0x00000007bbe00000,0x00000007bdef8bd0,0x00000007bdf00000)
  to   space 33792K, 0% used [0x00000007bdf00000,0x00000007bdf00000,0x00000007c0000000)
 ParOldGen       total 302080K, used 203886K [0x0000000723c00000, 0x0000000736300000, 0x000000078bf00000)
  object space 302080K, 67% used [0x0000000723c00000,0x000000073031b918,0x0000000736300000)
 Metaspace       used 10997K, capacity 11176K, committed 11392K, reserved 1058816K
  class space    used 1348K, capacity 1401K, committed 1408K, reserved 1048576K
Event: 73.084 GC heap after
Heap after GC invocations=27 (full 3):
 PSYoungGen      total 795648K, used 33058K [0x000000078bf00000, 0x00000007c0000000, 0x00000007c0000000)
  eden space 761856K, 0% used [0x000000078bf00000,0x000000078bf00000,0x00000007ba700000)
  from space 33792K, 97% used [0x00000007bdf00000,0x00000007bff48bb0,0x00000007c0000000)
  to   space 45568K, 0% used [0x00000007ba700000,0x00000007ba700000,0x00000007bd380000)
 ParOldGen       total 302080K, used 223430K [0x0000000723c00000, 0x0000000736300000, 0x000000078bf00000)
  object space 302080K, 73% used [0x0000000723c00000,0x0000000731631968,0x0000000736300000)
 Metaspace       used 10997K, capacity 11176K, committed 11392K, reserved 1058816K
  class space    used 1348K, capacity 1401K, committed 1408K, reserved 1048576K
}
Event: 74.168 GC heap before
{Heap before GC invocations=28 (full 3):
 PSYoungGen      total 795648K, used 794914K [0x000000078bf00000, 0x00000007c0000000, 0x00000007c0000000)
  eden space 761856K, 100% used [0x000000078bf00000,0x00000007ba700000,0x00000007ba700000)
  from space 33792K, 97% used [0x00000007bdf00000,0x00000007bff48bb0,0x00000007c0000000)
  to   space 45568K, 0% used [0x00000007ba700000,0x00000007ba700000,0x00000007bd380000)
 ParOldGen       total 302080K, used 223430K [0x0000000723c00000, 0x0000000736300000, 0x000000078bf00000)
  object space 302080K, 73% used [0x0000000723c00000,0x0000000731631968,0x0000000736300000)
 Metaspace       used 10997K, capacity 11176K, committed 11392K, reserved 1058816K
  class space    used 1348K, capacity 1401K, committed 1408K, reserved 1048576K
Event: 74.211 GC heap after
Heap after GC invocations=28 (full 3):
 PSYoungGen      total 801280K, used 39200K [0x000000078bf00000, 0x00000007c0000000, 0x00000007c0000000)
  eden space 761856K, 0% used [0x000000078bf00000,0x000000078bf00000,0x00000007ba700000)
  from space 39424K, 99% used [0x00000007ba700000,0x00000007bcd48020,0x00000007bcd80000)
  to   space 49664K, 0% used [0x00000007bcf80000,0x00000007bcf80000,0x00000007c0000000)
 ParOldGen       total 302080K, used 237757K [0x0000000723c00000, 0x0000000736300000, 0x000000078bf00000)
  object space 302080K, 78% used [0x0000000723c00000,0x000000073242f568,0x0000000736300000)
 Metaspace       used 10997K, capacity 11176K, committed 11392K, reserved 1058816K
  class space    used 1348K, capacity 1401K, committed 1408K, reserved 1048576K
}
Event: 75.287 GC heap before
{Heap before GC invocations=29 (full 3):
 PSYoungGen      total 801280K, used 801056K [0x000000078bf00000, 0x00000007c0000000, 0x00000007c0000000)
  eden space 761856K, 100% used [0x000000078bf00000,0x00000007ba700000,0x00000007ba700000)
  from space 39424K, 99% used [0x00000007ba700000,0x00000007bcd48020,0x00000007bcd80000)
  to   space 49664K, 0% used [0x00000007bcf80000,0x00000007bcf80000,0x00000007c0000000)
 ParOldGen       total 302080K, used 237757K [0x0000000723c00000, 0x0000000736300000, 0x000000078bf00000)
  object space 302080K, 78% used [0x0000000723c00000,0x000000073242f568,0x0000000736300000)
 Metaspace       used 11004K, capacity 11176K, committed 11392K, reserved 1058816K
  class space    used 1348K, capacity 1401K, committed 1408K, reserved 1048576K
Event: 75.334 GC heap after
Heap after GC invocations=29 (full 3):
 PSYoungGen      total 792064K, used 45376K [0x000000078bf00000, 0x00000007c0000000, 0x00000007c0000000)
  eden space 742400K, 0% used [0x000000078bf00000,0x000000078bf00000,0x00000007b9400000)
  from space 49664K, 91% used [0x00000007bcf80000,0x00000007bfbd0030,0x00000007c0000000)
  to   space 55296K, 0% used [0x00000007b9400000,0x00000007b9400000,0x00000007bca00000)
 ParOldGen       total 302080K, used 256493K [0x0000000723c00000, 0x0000000736300000, 0x000000078bf00000)
  object space 302080K, 84% used [0x0000000723c00000,0x000000073367b568,0x0000000736300000)
 Metaspace       used 11004K, capacity 11176K, committed 11392K, reserved 1058816K
  class space    used 1348K, capacity 1401K, committed 1408K, reserved 1048576K
}
Event: 76.567 GC heap before
{Heap before GC invocations=30 (full 3):
 PSYoungGen      total 792064K, used 787776K [0x000000078bf00000, 0x00000007c0000000, 0x00000007c0000000)
  eden space 742400K, 100% used [0x000000078bf00000,0x00000007b9400000,0x00000007b9400000)
  from space 49664K, 91% used [0x00000007bcf80000,0x00000007bfbd0030,0x00000007c0000000)
  to   space 55296K, 0% used [0x00000007b9400000,0x00000007b9400000,0x00000007bca00000)
 ParOldGen       total 302080K, used 256493K [0x0000000723c00000, 0x0000000736300000, 0x000000078bf00000)
  object space 302080K, 84% used [0x0000000723c00000,0x000000073367b568,0x0000000736300000)
 Metaspace       used 11032K, capacity 11208K, committed 11520K, reserved 1058816K
  class space    used 1350K, capacity 1433K, committed 1536K, reserved 1048576K
Event: 76.623 GC heap after
Heap after GC invocations=30 (full 3):
 PSYoungGen      total 785408K, used 42672K [0x000000078bf00000, 0x00000007c0000000, 0x00000007c0000000)
  eden space 742400K, 0% used [0x000000078bf00000,0x000000078bf00000,0x00000007b9400000)
  from space 43008K, 99% used [0x00000007b9400000,0x00000007bbdac020,0x00000007bbe00000)
  to   space 58368K, 0% used [0x00000007bc700000,0x00000007bc700000,0x00000007c0000000)
 ParOldGen       total 302080K, used 277029K [0x0000000723c00000, 0x0000000736300000, 0x000000078bf00000)
  object space 302080K, 91% used [0x0000000723c00000,0x0000000734a89608,0x0000000736300000)
 Metaspace       used 11032K, capacity 11208K, committed 11520K, reserved 1058816K
  class space    used 1350K, capacity 1433K, committed 1536K, reserved 1048576K
}
Event: 76.623 GC heap before
{Heap before GC invocations=31 (full 4):
 PSYoungGen      total 785408K, used 42672K [0x000000078bf00000, 0x00000007c0000000, 0x00000007c0000000)
  eden space 742400K, 0% used [0x000000078bf00000,0x000000078bf00000,0x00000007b9400000)
  from space 43008K, 99% used [0x00000007b9400000,0x00000007bbdac020,0x00000007bbe00000)
  to   space 58368K, 0% used [0x00000007bc700000,0x00000007bc700000,0x00000007c0000000)
 ParOldGen       total 302080K, used 277029K [0x0000000723c00000, 0x0000000736300000, 0x000000078bf00000)
  object space 302080K, 91% used [0x0000000723c00000,0x0000000734a89608,0x0000000736300000)
 Metaspace       used 11032K, capacity 11208K, committed 11520K, reserved 1058816K
  class space    used 1350K, capacity 1433K, committed 1536K, reserved 1048576K
Event: 77.515 GC heap after
Heap after GC invocations=31 (full 4):
 PSYoungGen      total 785408K, used 0K [0x000000078bf00000, 0x00000007c0000000, 0x00000007c0000000)
  eden space 742400K, 0% used [0x000000078bf00000,0x000000078bf00000,0x00000007b9400000)
  from space 43008K, 0% used [0x00000007b9400000,0x00000007b9400000,0x00000007bbe00000)
  to   space 58368K, 0% used [0x00000007bc700000,0x00000007bc700000,0x00000007c0000000)
 ParOldGen       total 395264K, used 249836K [0x0000000723c00000, 0x000000073be00000, 0x000000078bf00000)
  object space 395264K, 63% used [0x0000000723c00000,0x0000000732ffb060,0x000000073be00000)
 Metaspace       used 11032K, capacity 11208K, committed 11520K, reserved 1058816K
  class space    used 1350K, capacity 1433K, committed 1536K, reserved 1048576K
}

