# JRE version: Java(TM) SE Runtime Environment (8.0_241-b07) (build 1.8.0_241-b07)
# Java VM: Java HotSpot(TM) 64-Bit Server VM (25.241-b07 mixed mode windows-amd64 )
Heap:
 PSYoungGen      total 706048K, used 82600K [0x00000011c6d00000, 0x00000011f5280000, 0x00000019ea200000)
  eden space 652800K, 5% used [0x00000011c6d00000,0x00000011c9332068,0x00000011eea80000)
  from space 53248K, 81% used [0x00000011eea80000,0x00000011f14f8090,0x00000011f1e80000)
  to   space 50176K, 0% used [0x00000011f2180000,0x00000011f2180000,0x00000011f5280000)
 ParOldGen       total 235008K, used 160590K [0x0000000180200000, 0x000000018e780000, 0x00000011c6d00000)
  object space 235008K, 68% used [0x0000000180200000,0x0000000189ed3818,0x000000018e780000)
 Metaspace       used 10711K, capacity 10999K, committed 11264K, reserved 12288K
GC Heap History (10 events):
Event: 47.865 GC heap before
{Heap before GC invocations=18 (full 3):
 PSYoungGen      total 595456K, used 543744K [0x00000011c6d00000, 0x00000011eeb80000, 0x00000019ea200000)
  eden space 543744K, 100% used [0x00000011c6d00000,0x00000011e8000000,0x00000011e8000000)
  from space 51712K, 0% used [0x00000011eb580000,0x00000011eb580000,0x00000011ee800000)
  to   space 54784K, 0% used [0x00000011e8000000,0x00000011e8000000,0x00000011eb580000)
 ParOldGen       total 235008K, used 133402K [0x0000000180200000, 0x000000018e780000, 0x00000011c6d00000)
  object space 235008K, 56% used [0x0000000180200000,0x0000000188446b78,0x000000018e780000)
 Metaspace       used 10548K, capacity 10807K, committed 11008K, reserved 12288K
Event: 47.888 GC heap after
Heap after GC invocations=18 (full 3):
 PSYoungGen      total 598528K, used 12320K [0x00000011c6d00000, 0x00000011f5800000, 0x00000019ea200000)
  eden space 543744K, 0% used [0x00000011c6d00000,0x00000011c6d00000,0x00000011e8000000)
  from space 54784K, 22% used [0x00000011e8000000,0x00000011e8c08048,0x00000011eb580000)
  to   space 55808K, 0% used [0x00000011f2180000,0x00000011f2180000,0x00000011f5800000)
 ParOldGen       total 235008K, used 133402K [0x0000000180200000, 0x000000018e780000, 0x00000011c6d00000)
  object space 235008K, 56% used [0x0000000180200000,0x0000000188446b78,0x000000018e780000)
 Metaspace       used 10548K, capacity 10807K, committed 11008K, reserved 12288K
}
Event: 48.526 GC heap before
{Heap before GC invocations=19 (full 3):
 PSYoungGen      total 598528K, used 556064K [0x00000011c6d00000, 0x00000011f5800000, 0x00000019ea200000)
  eden space 543744K, 100% used [0x00000011c6d00000,0x00000011e8000000,0x00000011e8000000)
  from space 54784K, 22% used [0x00000011e8000000,0x00000011e8c08048,0x00000011eb580000)
  to   space 55808K, 0% used [0x00000011f2180000,0x00000011f2180000,0x00000011f5800000)
 ParOldGen       total 235008K, used 133402K [0x0000000180200000, 0x000000018e780000, 0x00000011c6d00000)
  object space 235008K, 56% used [0x0000000180200000,0x0000000188446b78,0x000000018e780000)
 Metaspace       used 10562K, capacity 10871K, committed 11008K, reserved 12288K
Event: 48.548 GC heap after
Heap after GC invocations=19 (full 3):
 PSYoungGen      total 702976K, used 26113K [0x00000011c6d00000, 0x00000011f5280000, 0x00000019ea200000)
  eden space 652800K, 0% used [0x00000011c6d00000,0x00000011c6d00000,0x00000011eea80000)
  from space 50176K, 52% used [0x00000011f2180000,0x00000011f3b00580,0x00000011f5280000)
  to   space 53248K, 0% used [0x00000011eea80000,0x00000011eea80000,0x00000011f1e80000)
 ParOldGen       total 235008K, used 133402K [0x0000000180200000, 0x000000018e780000, 0x00000011c6d00000)
  object space 235008K, 56% used [0x0000000180200000,0x0000000188446b78,0x000000018e780000)
 Metaspace       used 10562K, capacity 10871K, committed 11008K, reserved 12288K
}
Event: 49.290 GC heap before
{Heap before GC invocations=20 (full 3):
 PSYoungGen      total 702976K, used 678913K [0x00000011c6d00000, 0x00000011f5280000, 0x00000019ea200000)
  eden space 652800K, 100% used [0x00000011c6d00000,0x00000011eea80000,0x00000011eea80000)
  from space 50176K, 52% used [0x00000011f2180000,0x00000011f3b00580,0x00000011f5280000)
  to   space 53248K, 0% used [0x00000011eea80000,0x00000011eea80000,0x00000011f1e80000)
 ParOldGen       total 235008K, used 133402K [0x0000000180200000, 0x000000018e780000, 0x00000011c6d00000)
  object space 235008K, 56% used [0x0000000180200000,0x0000000188446b78,0x000000018e780000)
 Metaspace       used 10573K, capacity 10871K, committed 11008K, reserved 12288K
Event: 49.321 GC heap after
Heap after GC invocations=20 (full 3):
 PSYoungGen      total 706048K, used 38487K [0x00000011c6d00000, 0x00000011f5280000, 0x00000019ea200000)
  eden space 652800K, 0% used [0x00000011c6d00000,0x00000011c6d00000,0x00000011eea80000)
  from space 53248K, 72% used [0x00000011eea80000,0x00000011f1015c70,0x00000011f1e80000)
  to   space 50176K, 0% used [0x00000011f2180000,0x00000011f2180000,0x00000011f5280000)
 ParOldGen       total 235008K, used 133402K [0x0000000180200000, 0x000000018e780000, 0x00000011c6d00000)
  object space 235008K, 56% used [0x0000000180200000,0x0000000188446b78,0x000000018e780000)
 Metaspace       used 10573K, capacity 10871K, committed 11008K, reserved 12288K
}
Event: 50.047 GC heap before
{Heap before GC invocations=21 (full 3):
 PSYoungGen      total 706048K, used 691287K [0x00000011c6d00000, 0x00000011f5280000, 0x00000019ea200000)
  eden space 652800K, 100% used [0x00000011c6d00000,0x00000011eea80000,0x00000011eea80000)
  from space 53248K, 72% used [0x00000011eea80000,0x00000011f1015c70,0x00000011f1e80000)
  to   space 50176K, 0% used [0x00000011f2180000,0x00000011f2180000,0x00000011f5280000)
 ParOldGen       total 235008K, used 133402K [0x0000000180200000, 0x000000018e780000, 0x00000011c6d00000)
  object space 235008K, 56% used [0x0000000180200000,0x0000000188446b78,0x000000018e780000)
 Metaspace       used 10577K, capacity 10871K, committed 11008K, reserved 12288K
Event: 50.094 GC heap after
Heap after GC invocations=21 (full 3):
 PSYoungGen      total 702976K, used 50165K [0x00000011c6d00000, 0x00000011f5280000, 0x00000019ea200000)
  eden space 652800K, 0% used [0x00000011c6d00000,0x00000011c6d00000,0x00000011eea80000)
  from space 50176K, 99% used [0x00000011f2180000,0x00000011f527d7b0,0x00000011f5280000)
  to   space 53248K, 0% used [0x00000011eea80000,0x00000011eea80000,0x00000011f1e80000)
 ParOldGen       total 235008K, used 136644K [0x0000000180200000, 0x000000018e780000, 0x00000011c6d00000)
  object space 235008K, 58% used [0x0000000180200000,0x0000000188771068,0x000000018e780000)
 Metaspace       used 10577K, capacity 10871K, committed 11008K, reserved 12288K
}
Event: 51.057 GC heap before
{Heap before GC invocations=22 (full 3):
 PSYoungGen      total 702976K, used 702965K [0x00000011c6d00000, 0x00000011f5280000, 0x00000019ea200000)
  eden space 652800K, 100% used [0x00000011c6d00000,0x00000011eea80000,0x00000011eea80000)
  from space 50176K, 99% used [0x00000011f2180000,0x00000011f527d7b0,0x00000011f5280000)
  to   space 53248K, 0% used [0x00000011eea80000,0x00000011eea80000,0x00000011f1e80000)
 ParOldGen       total 235008K, used 136644K [0x0000000180200000, 0x000000018e780000, 0x00000011c6d00000)
  object space 235008K, 58% used [0x0000000180200000,0x0000000188771068,0x000000018e780000)
 Metaspace       used 10711K, capacity 10999K, committed 11264K, reserved 12288K
Event: 51.104 GC heap after
Heap after GC invocations=22 (full 3):
 PSYoungGen      total 706048K, used 43488K [0x00000011c6d00000, 0x00000011f5280000, 0x00000019ea200000)
  eden space 652800K, 0% used [0x00000011c6d00000,0x00000011c6d00000,0x00000011eea80000)
  from space 53248K, 81% used [0x00000011eea80000,0x00000011f14f8090,0x00000011f1e80000)
  to   space 50176K, 0% used [0x00000011f2180000,0x00000011f2180000,0x00000011f5280000)
 ParOldGen       total 235008K, used 160590K [0x0000000180200000, 0x000000018e780000, 0x00000011c6d00000)
  object space 235008K, 68% used [0x0000000180200000,0x0000000189ed3818,0x000000018e780000)
 Metaspace       used 10711K, capacity 10999K, committed 11264K, reserved 12288K
}

