# JRE version: Java(TM) SE Runtime Environment (8.0_241-b07) (build 1.8.0_241-b07)
# Java VM: Java HotSpot(TM) 64-Bit Server VM (25.241-b07 mixed mode windows-amd64 compressed oops)
Heap:
 PSYoungGen      total 1224704K, used 150479K [0x00000005b7300000, 0x0000000605600000, 0x00000007c0000000)
  eden space 1173504K, 11% used [0x00000005b7300000,0x00000005bfc7cba0,0x00000005fed00000)
  from space 51200K, 18% used [0x0000000602400000,0x0000000602d77168,0x0000000605600000)
  to   space 53760K, 0% used [0x00000005fed00000,0x00000005fed00000,0x0000000602180000)
 ParOldGen       total 467968K, used 305393K [0x00000001a5800000, 0x00000001c2100000, 0x00000005b7300000)
  object space 467968K, 65% used [0x00000001a5800000,0x00000001b823c608,0x00000001c2100000)
 Metaspace       used 10825K, capacity 10920K, committed 11136K, reserved 1058816K
  class space    used 1339K, capacity 1401K, committed 1408K, reserved 1048576K
GC Heap History (10 events):
Event: 124.754 GC heap before
{Heap before GC invocations=22 (full 3):
 PSYoungGen      total 1227264K, used 16864K [0x00000005b7300000, 0x0000000605600000, 0x00000007c0000000)
  eden space 1173504K, 0% used [0x00000005b7300000,0x00000005b7300000,0x00000005fed00000)
  from space 53760K, 31% used [0x00000005fed00000,0x00000005ffd78000,0x0000000602180000)
  to   space 51200K, 0% used [0x0000000602400000,0x0000000602400000,0x0000000605600000)
 ParOldGen       total 250368K, used 228588K [0x00000001a5800000, 0x00000001b4c80000, 0x00000005b7300000)
  object space 250368K, 91% used [0x00000001a5800000,0x00000001b373b360,0x00000001b4c80000)
 Metaspace       used 10647K, capacity 10792K, committed 10880K, reserved 1058816K
  class space    used 1328K, capacity 1401K, committed 1408K, reserved 1048576K
Event: 125.156 GC heap after
Heap after GC invocations=22 (full 3):
 PSYoungGen      total 1227264K, used 0K [0x00000005b7300000, 0x0000000605600000, 0x00000007c0000000)
  eden space 1173504K, 0% used [0x00000005b7300000,0x00000005b7300000,0x00000005fed00000)
  from space 53760K, 0% used [0x00000005fed00000,0x00000005fed00000,0x0000000602180000)
  to   space 51200K, 0% used [0x0000000602400000,0x0000000602400000,0x0000000605600000)
 ParOldGen       total 304128K, used 196632K [0x00000001a5800000, 0x00000001b8100000, 0x00000005b7300000)
  object space 304128K, 64% used [0x00000001a5800000,0x00000001b1806218,0x00000001b8100000)
 Metaspace       used 10647K, capacity 10792K, committed 10880K, reserved 1058816K
  class space    used 1328K, capacity 1401K, committed 1408K, reserved 1048576K
}
Event: 126.823 GC heap before
{Heap before GC invocations=23 (full 3):
 PSYoungGen      total 1227264K, used 1173504K [0x00000005b7300000, 0x0000000605600000, 0x00000007c0000000)
  eden space 1173504K, 100% used [0x00000005b7300000,0x00000005fed00000,0x00000005fed00000)
  from space 53760K, 0% used [0x00000005fed00000,0x00000005fed00000,0x0000000602180000)
  to   space 51200K, 0% used [0x0000000602400000,0x0000000602400000,0x0000000605600000)
 ParOldGen       total 304128K, used 196632K [0x00000001a5800000, 0x00000001b8100000, 0x00000005b7300000)
  object space 304128K, 64% used [0x00000001a5800000,0x00000001b1806218,0x00000001b8100000)
 Metaspace       used 10786K, capacity 10920K, committed 11136K, reserved 1058816K
  class space    used 1336K, capacity 1401K, committed 1408K, reserved 1048576K
Event: 126.871 GC heap after
Heap after GC invocations=23 (full 3):
 PSYoungGen      total 1224704K, used 51173K [0x00000005b7300000, 0x0000000605600000, 0x00000007c0000000)
  eden space 1173504K, 0% used [0x00000005b7300000,0x00000005b7300000,0x00000005fed00000)
  from space 51200K, 99% used [0x0000000602400000,0x00000006055f94e8,0x0000000605600000)
  to   space 53760K, 0% used [0x00000005fed00000,0x00000005fed00000,0x0000000602180000)
 ParOldGen       total 304128K, used 202670K [0x00000001a5800000, 0x00000001b8100000, 0x00000005b7300000)
  object space 304128K, 66% used [0x00000001a5800000,0x00000001b1deb990,0x00000001b8100000)
 Metaspace       used 10786K, capacity 10920K, committed 11136K, reserved 1058816K
  class space    used 1336K, capacity 1401K, committed 1408K, reserved 1048576K
}
Event: 128.918 GC heap before
{Heap before GC invocations=24 (full 3):
 PSYoungGen      total 1224704K, used 1224677K [0x00000005b7300000, 0x0000000605600000, 0x00000007c0000000)
  eden space 1173504K, 100% used [0x00000005b7300000,0x00000005fed00000,0x00000005fed00000)
  from space 51200K, 99% used [0x0000000602400000,0x00000006055f94e8,0x0000000605600000)
  to   space 53760K, 0% used [0x00000005fed00000,0x00000005fed00000,0x0000000602180000)
 ParOldGen       total 304128K, used 202670K [0x00000001a5800000, 0x00000001b8100000, 0x00000005b7300000)
  object space 304128K, 66% used [0x00000001a5800000,0x00000001b1deb990,0x00000001b8100000)
 Metaspace       used 10818K, capacity 10920K, committed 11136K, reserved 1058816K
  class space    used 1338K, capacity 1401K, committed 1408K, reserved 1048576K
Event: 129.019 GC heap after
Heap after GC invocations=24 (full 3):
 PSYoungGen      total 1227264K, used 53392K [0x00000005b7300000, 0x0000000605600000, 0x00000007c0000000)
  eden space 1173504K, 0% used [0x00000005b7300000,0x00000005b7300000,0x00000005fed00000)
  from space 53760K, 99% used [0x00000005fed00000,0x0000000602124110,0x0000000602180000)
  to   space 51200K, 0% used [0x0000000602400000,0x0000000602400000,0x0000000605600000)
 ParOldGen       total 304128K, used 251687K [0x00000001a5800000, 0x00000001b8100000, 0x00000005b7300000)
  object space 304128K, 82% used [0x00000001a5800000,0x00000001b4dc9e48,0x00000001b8100000)
 Metaspace       used 10818K, capacity 10920K, committed 11136K, reserved 1058816K
  class space    used 1338K, capacity 1401K, committed 1408K, reserved 1048576K
}
Event: 132.638 GC heap before
{Heap before GC invocations=25 (full 3):
 PSYoungGen      total 1227264K, used 1226896K [0x00000005b7300000, 0x0000000605600000, 0x00000007c0000000)
  eden space 1173504K, 100% used [0x00000005b7300000,0x00000005fed00000,0x00000005fed00000)
  from space 53760K, 99% used [0x00000005fed00000,0x0000000602124110,0x0000000602180000)
  to   space 51200K, 0% used [0x0000000602400000,0x0000000602400000,0x0000000605600000)
 ParOldGen       total 304128K, used 251687K [0x00000001a5800000, 0x00000001b8100000, 0x00000005b7300000)
  object space 304128K, 82% used [0x00000001a5800000,0x00000001b4dc9e48,0x00000001b8100000)
 Metaspace       used 10824K, capacity 10920K, committed 11136K, reserved 1058816K
  class space    used 1339K, capacity 1401K, committed 1408K, reserved 1048576K
Event: 132.714 GC heap after
Heap after GC invocations=25 (full 3):
 PSYoungGen      total 1224704K, used 28784K [0x00000005b7300000, 0x0000000605600000, 0x00000007c0000000)
  eden space 1173504K, 0% used [0x00000005b7300000,0x00000005b7300000,0x00000005fed00000)
  from space 51200K, 56% used [0x0000000602400000,0x000000060401c070,0x0000000605600000)
  to   space 53760K, 0% used [0x00000005fed00000,0x00000005fed00000,0x0000000602180000)
 ParOldGen       total 305664K, used 304834K [0x00000001a5800000, 0x00000001b8280000, 0x00000005b7300000)
  object space 305664K, 99% used [0x00000001a5800000,0x00000001b81b0958,0x00000001b8280000)
 Metaspace       used 10824K, capacity 10920K, committed 11136K, reserved 1058816K
  class space    used 1339K, capacity 1401K, committed 1408K, reserved 1048576K
}
Event: 132.714 GC heap before
{Heap before GC invocations=26 (full 4):
 PSYoungGen      total 1224704K, used 28784K [0x00000005b7300000, 0x0000000605600000, 0x00000007c0000000)
  eden space 1173504K, 0% used [0x00000005b7300000,0x00000005b7300000,0x00000005fed00000)
  from space 51200K, 56% used [0x0000000602400000,0x000000060401c070,0x0000000605600000)
  to   space 53760K, 0% used [0x00000005fed00000,0x00000005fed00000,0x0000000602180000)
 ParOldGen       total 305664K, used 304834K [0x00000001a5800000, 0x00000001b8280000, 0x00000005b7300000)
  object space 305664K, 99% used [0x00000001a5800000,0x00000001b81b0958,0x00000001b8280000)
 Metaspace       used 10824K, capacity 10920K, committed 11136K, reserved 1058816K
  class space    used 1339K, capacity 1401K, committed 1408K, reserved 1048576K
Event: 133.987 GC heap after
Heap after GC invocations=26 (full 4):
 PSYoungGen      total 1224704K, used 9692K [0x00000005b7300000, 0x0000000605600000, 0x00000007c0000000)
  eden space 1173504K, 0% used [0x00000005b7300000,0x00000005b7300000,0x00000005fed00000)
  from space 51200K, 18% used [0x0000000602400000,0x0000000602d77168,0x0000000605600000)
  to   space 53760K, 0% used [0x00000005fed00000,0x00000005fed00000,0x0000000602180000)
 ParOldGen       total 467968K, used 305393K [0x00000001a5800000, 0x00000001c2100000, 0x00000005b7300000)
  object space 467968K, 65% used [0x00000001a5800000,0x00000001b823c608,0x00000001c2100000)
 Metaspace       used 10824K, capacity 10920K, committed 11136K, reserved 1058816K
  class space    used 1339K, capacity 1401K, committed 1408K, reserved 1048576K
}

