# JRE version: Java(TM) SE Runtime Environment (8.0_241-b07) (build 1.8.0_241-b07)
# Java VM: Java HotSpot(TM) 64-Bit Server VM (25.241-b07 mixed mode windows-amd64 compressed oops)
Heap:
 PSYoungGen      total 1247744K, used 467866K [0x00000005b7300000, 0x0000000606780000, 0x00000007c0000000)
  eden space 1211392K, 38% used [0x00000005b7300000,0x00000005d3be6910,0x0000000601200000)
  from space 36352K, 0% used [0x0000000603700000,0x0000000603700000,0x0000000605a80000)
  to   space 37888K, 0% used [0x0000000601200000,0x0000000601200000,0x0000000603700000)
 ParOldGen       total 191488K, used 191477K [0x00000001a5800000, 0x00000001b1300000, 0x00000005b7300000)
  object space 191488K, 99% used [0x00000001a5800000,0x00000001b12fd600,0x00000001b1300000)
 Metaspace       used 10808K, capacity 10916K, committed 11136K, reserved 1058816K
  class space    used 1348K, capacity 1401K, committed 1408K, reserved 1048576K
GC Heap History (10 events):
Event: 55.210 GC heap before
{Heap before GC invocations=18 (full 2):
 PSYoungGen      total 795648K, used 777392K [0x00000005b7300000, 0x00000005f8300000, 0x00000007c0000000)
  eden space 759808K, 100% used [0x00000005b7300000,0x00000005e5900000,0x00000005e5900000)
  from space 35840K, 49% used [0x00000005e5900000,0x00000005e6a2c040,0x00000005e7c00000)
  to   space 34816K, 0% used [0x00000005f6100000,0x00000005f6100000,0x00000005f8300000)
 ParOldGen       total 191488K, used 109432K [0x00000001a5800000, 0x00000001b1300000, 0x00000005b7300000)
  object space 191488K, 57% used [0x00000001a5800000,0x00000001ac2de1c8,0x00000001b1300000)
 Metaspace       used 10719K, capacity 10852K, committed 11136K, reserved 1058816K
  class space    used 1343K, capacity 1401K, committed 1408K, reserved 1048576K
Event: 55.250 GC heap after
Heap after GC invocations=18 (full 2):
 PSYoungGen      total 1030144K, used 21650K [0x00000005b7300000, 0x00000005f8b00000, 0x00000007c0000000)
  eden space 995328K, 0% used [0x00000005b7300000,0x00000005b7300000,0x00000005f3f00000)
  from space 34816K, 62% used [0x00000005f6100000,0x00000005f76249f0,0x00000005f8300000)
  to   space 34816K, 0% used [0x00000005f3f00000,0x00000005f3f00000,0x00000005f6100000)
 ParOldGen       total 191488K, used 125720K [0x00000001a5800000, 0x00000001b1300000, 0x00000005b7300000)
  object space 191488K, 65% used [0x00000001a5800000,0x00000001ad2c61f8,0x00000001b1300000)
 Metaspace       used 10719K, capacity 10852K, committed 11136K, reserved 1058816K
  class space    used 1343K, capacity 1401K, committed 1408K, reserved 1048576K
}
Event: 56.910 GC heap before
{Heap before GC invocations=19 (full 2):
 PSYoungGen      total 1030144K, used 1016978K [0x00000005b7300000, 0x00000005f8b00000, 0x00000007c0000000)
  eden space 995328K, 100% used [0x00000005b7300000,0x00000005f3f00000,0x00000005f3f00000)
  from space 34816K, 62% used [0x00000005f6100000,0x00000005f76249f0,0x00000005f8300000)
  to   space 34816K, 0% used [0x00000005f3f00000,0x00000005f3f00000,0x00000005f6100000)
 ParOldGen       total 191488K, used 125720K [0x00000001a5800000, 0x00000001b1300000, 0x00000005b7300000)
  object space 191488K, 65% used [0x00000001a5800000,0x00000001ad2c61f8,0x00000001b1300000)
 Metaspace       used 10780K, capacity 10916K, committed 11136K, reserved 1058816K
  class space    used 1348K, capacity 1401K, committed 1408K, reserved 1048576K
Event: 56.960 GC heap after
Heap after GC invocations=19 (full 2):
 PSYoungGen      total 1030144K, used 25857K [0x00000005b7300000, 0x0000000605a80000, 0x00000007c0000000)
  eden space 995328K, 0% used [0x00000005b7300000,0x00000005b7300000,0x00000005f3f00000)
  from space 34816K, 74% used [0x00000005f3f00000,0x00000005f5840548,0x00000005f6100000)
  to   space 36352K, 0% used [0x0000000603700000,0x0000000603700000,0x0000000605a80000)
 ParOldGen       total 191488K, used 147256K [0x00000001a5800000, 0x00000001b1300000, 0x00000005b7300000)
  object space 191488K, 76% used [0x00000001a5800000,0x00000001ae7ce288,0x00000001b1300000)
 Metaspace       used 10780K, capacity 10916K, committed 11136K, reserved 1058816K
  class space    used 1348K, capacity 1401K, committed 1408K, reserved 1048576K
}
Event: 58.492 GC heap before
{Heap before GC invocations=20 (full 2):
 PSYoungGen      total 1030144K, used 1021185K [0x00000005b7300000, 0x0000000605a80000, 0x00000007c0000000)
  eden space 995328K, 100% used [0x00000005b7300000,0x00000005f3f00000,0x00000005f3f00000)
  from space 34816K, 74% used [0x00000005f3f00000,0x00000005f5840548,0x00000005f6100000)
  to   space 36352K, 0% used [0x0000000603700000,0x0000000603700000,0x0000000605a80000)
 ParOldGen       total 191488K, used 147256K [0x00000001a5800000, 0x00000001b1300000, 0x00000005b7300000)
  object space 191488K, 76% used [0x00000001a5800000,0x00000001ae7ce288,0x00000001b1300000)
 Metaspace       used 10800K, capacity 10916K, committed 11136K, reserved 1058816K
  class space    used 1348K, capacity 1401K, committed 1408K, reserved 1048576K
Event: 58.550 GC heap after
Heap after GC invocations=20 (full 2):
 PSYoungGen      total 1247744K, used 26608K [0x00000005b7300000, 0x0000000606780000, 0x00000007c0000000)
  eden space 1211392K, 0% used [0x00000005b7300000,0x00000005b7300000,0x0000000601200000)
  from space 36352K, 73% used [0x0000000603700000,0x00000006050fc030,0x0000000605a80000)
  to   space 37888K, 0% used [0x0000000601200000,0x0000000601200000,0x0000000603700000)
 ParOldGen       total 191488K, used 173113K [0x00000001a5800000, 0x00000001b1300000, 0x00000005b7300000)
  object space 191488K, 90% used [0x00000001a5800000,0x00000001b010e7d0,0x00000001b1300000)
 Metaspace       used 10800K, capacity 10916K, committed 11136K, reserved 1058816K
  class space    used 1348K, capacity 1401K, committed 1408K, reserved 1048576K
}
Event: 58.550 GC heap before
{Heap before GC invocations=21 (full 3):
 PSYoungGen      total 1247744K, used 26608K [0x00000005b7300000, 0x0000000606780000, 0x00000007c0000000)
  eden space 1211392K, 0% used [0x00000005b7300000,0x00000005b7300000,0x0000000601200000)
  from space 36352K, 73% used [0x0000000603700000,0x00000006050fc030,0x0000000605a80000)
  to   space 37888K, 0% used [0x0000000601200000,0x0000000601200000,0x0000000603700000)
 ParOldGen       total 191488K, used 173113K [0x00000001a5800000, 0x00000001b1300000, 0x00000005b7300000)
  object space 191488K, 90% used [0x00000001a5800000,0x00000001b010e7d0,0x00000001b1300000)
 Metaspace       used 10800K, capacity 10916K, committed 11136K, reserved 1058816K
  class space    used 1348K, capacity 1401K, committed 1408K, reserved 1048576K
Event: 59.099 GC heap after
Heap after GC invocations=21 (full 3):
 PSYoungGen      total 1247744K, used 0K [0x00000005b7300000, 0x0000000606780000, 0x00000007c0000000)
  eden space 1211392K, 0% used [0x00000005b7300000,0x00000005b7300000,0x0000000601200000)
  from space 36352K, 0% used [0x0000000603700000,0x0000000603700000,0x0000000605a80000)
  to   space 37888K, 0% used [0x0000000601200000,0x0000000601200000,0x0000000603700000)
 ParOldGen       total 191488K, used 175774K [0x00000001a5800000, 0x00000001b1300000, 0x00000005b7300000)
  object space 191488K, 91% used [0x00000001a5800000,0x00000001b03a7a30,0x00000001b1300000)
 Metaspace       used 10800K, capacity 10916K, committed 11136K, reserved 1058816K
  class space    used 1348K, capacity 1401K, committed 1408K, reserved 1048576K
}
Event: 60.999 GC heap before
{Heap before GC invocations=22 (full 4):
 PSYoungGen      total 1247744K, used 1211392K [0x00000005b7300000, 0x0000000606780000, 0x00000007c0000000)
  eden space 1211392K, 100% used [0x00000005b7300000,0x0000000601200000,0x0000000601200000)
  from space 36352K, 0% used [0x0000000603700000,0x0000000603700000,0x0000000605a80000)
  to   space 37888K, 0% used [0x0000000601200000,0x0000000601200000,0x0000000603700000)
 ParOldGen       total 191488K, used 175774K [0x00000001a5800000, 0x00000001b1300000, 0x00000005b7300000)
  object space 191488K, 91% used [0x00000001a5800000,0x00000001b03a7a30,0x00000001b1300000)
 Metaspace       used 10806K, capacity 10916K, committed 11136K, reserved 1058816K
  class space    used 1348K, capacity 1401K, committed 1408K, reserved 1048576K
Event: 61.595 GC heap after
Heap after GC invocations=22 (full 4):
 PSYoungGen      total 1247744K, used 8773K [0x00000005b7300000, 0x0000000606780000, 0x00000007c0000000)
  eden space 1211392K, 0% used [0x00000005b7300000,0x00000005b7b916d8,0x0000000601200000)
  from space 36352K, 0% used [0x0000000603700000,0x0000000603700000,0x0000000605a80000)
  to   space 37888K, 0% used [0x0000000601200000,0x0000000601200000,0x0000000603700000)
 ParOldGen       total 191488K, used 191477K [0x00000001a5800000, 0x00000001b1300000, 0x00000005b7300000)
  object space 191488K, 99% used [0x00000001a5800000,0x00000001b12fd600,0x00000001b1300000)
 Metaspace       used 10806K, capacity 10916K, committed 11136K, reserved 1058816K
  class space    used 1348K, capacity 1401K, committed 1408K, reserved 1048576K
}

