# JRE version: Java(TM) SE Runtime Environment (8.0_241-b07) (build 1.8.0_241-b07)
# Java VM: Java HotSpot(TM) 64-Bit Server VM (25.241-b07 mixed mode windows-amd64 compressed oops)
Heap:
 PSYoungGen      total 539648K, used 100525K [0x000000078bf00000, 0x00000007b8780000, 0x00000007c0000000)
  eden space 500736K, 17% used [0x000000078bf00000,0x00000007916db700,0x00000007aa800000)
  from space 38912K, 27% used [0x00000007aa800000,0x00000007ab250020,0x00000007ace00000)
  to   space 34816K, 0% used [0x00000007b6580000,0x00000007b6580000,0x00000007b8780000)
 ParOldGen       total 190976K, used 109174K [0x0000000723c00000, 0x000000072f680000, 0x000000078bf00000)
  object space 190976K, 57% used [0x0000000723c00000,0x000000072a69dae0,0x000000072f680000)
 Metaspace       used 10570K, capacity 10724K, committed 10880K, reserved 1058816K
  class space    used 1329K, capacity 1401K, committed 1408K, reserved 1048576K
GC Heap History (10 events):
Event: 50.410 GC heap before
{Heap before GC invocations=13 (full 1):
 PSYoungGen      total 389120K, used 357424K [0x000000078bf00000, 0x00000007af500000, 0x00000007c0000000)
  eden space 348672K, 100% used [0x000000078bf00000,0x00000007a1380000,0x00000007a1380000)
  from space 40448K, 21% used [0x00000007a1380000,0x00000007a1c0c110,0x00000007a3b00000)
  to   space 39936K, 0% used [0x00000007ace00000,0x00000007ace00000,0x00000007af500000)
 ParOldGen       total 150528K, used 104680K [0x0000000723c00000, 0x000000072cf00000, 0x000000078bf00000)
  object space 150528K, 69% used [0x0000000723c00000,0x000000072a23a3f8,0x000000072cf00000)
 Metaspace       used 10509K, capacity 10660K, committed 10880K, reserved 1058816K
  class space    used 1326K, capacity 1401K, committed 1408K, reserved 1048576K
Event: 50.424 GC heap after
Heap after GC invocations=13 (full 1):
 PSYoungGen      total 540672K, used 8784K [0x000000078bf00000, 0x00000007af500000, 0x00000007c0000000)
  eden space 500736K, 0% used [0x000000078bf00000,0x000000078bf00000,0x00000007aa800000)
  from space 39936K, 21% used [0x00000007ace00000,0x00000007ad694060,0x00000007af500000)
  to   space 38912K, 0% used [0x00000007aa800000,0x00000007aa800000,0x00000007ace00000)
 ParOldGen       total 150528K, used 113393K [0x0000000723c00000, 0x000000072cf00000, 0x000000078bf00000)
  object space 150528K, 75% used [0x0000000723c00000,0x000000072aabc558,0x000000072cf00000)
 Metaspace       used 10509K, capacity 10660K, committed 10880K, reserved 1058816K
  class space    used 1326K, capacity 1401K, committed 1408K, reserved 1048576K
}
Event: 51.541 GC heap before
{Heap before GC invocations=14 (full 1):
 PSYoungGen      total 540672K, used 509520K [0x000000078bf00000, 0x00000007af500000, 0x00000007c0000000)
  eden space 500736K, 100% used [0x000000078bf00000,0x00000007aa800000,0x00000007aa800000)
  from space 39936K, 21% used [0x00000007ace00000,0x00000007ad694060,0x00000007af500000)
  to   space 38912K, 0% used [0x00000007aa800000,0x00000007aa800000,0x00000007ace00000)
 ParOldGen       total 150528K, used 113393K [0x0000000723c00000, 0x000000072cf00000, 0x000000078bf00000)
  object space 150528K, 75% used [0x0000000723c00000,0x000000072aabc558,0x000000072cf00000)
 Metaspace       used 10543K, capacity 10724K, committed 10880K, reserved 1058816K
  class space    used 1328K, capacity 1401K, committed 1408K, reserved 1048576K
Event: 51.578 GC heap after
Heap after GC invocations=14 (full 1):
 PSYoungGen      total 539648K, used 13808K [0x000000078bf00000, 0x00000007af500000, 0x00000007c0000000)
  eden space 500736K, 0% used [0x000000078bf00000,0x000000078bf00000,0x00000007aa800000)
  from space 38912K, 35% used [0x00000007aa800000,0x00000007ab57c040,0x00000007ace00000)
  to   space 39936K, 0% used [0x00000007ace00000,0x00000007ace00000,0x00000007af500000)
 ParOldGen       total 150528K, used 122097K [0x0000000723c00000, 0x000000072cf00000, 0x000000078bf00000)
  object space 150528K, 81% used [0x0000000723c00000,0x000000072b33c628,0x000000072cf00000)
 Metaspace       used 10543K, capacity 10724K, committed 10880K, reserved 1058816K
  class space    used 1328K, capacity 1401K, committed 1408K, reserved 1048576K
}
Event: 52.412 GC heap before
{Heap before GC invocations=15 (full 1):
 PSYoungGen      total 539648K, used 514544K [0x000000078bf00000, 0x00000007af500000, 0x00000007c0000000)
  eden space 500736K, 100% used [0x000000078bf00000,0x00000007aa800000,0x00000007aa800000)
  from space 38912K, 35% used [0x00000007aa800000,0x00000007ab57c040,0x00000007ace00000)
  to   space 39936K, 0% used [0x00000007ace00000,0x00000007ace00000,0x00000007af500000)
 ParOldGen       total 150528K, used 122097K [0x0000000723c00000, 0x000000072cf00000, 0x000000078bf00000)
  object space 150528K, 81% used [0x0000000723c00000,0x000000072b33c628,0x000000072cf00000)
 Metaspace       used 10558K, capacity 10724K, committed 10880K, reserved 1058816K
  class space    used 1329K, capacity 1401K, committed 1408K, reserved 1048576K
Event: 52.435 GC heap after
Heap after GC invocations=15 (full 1):
 PSYoungGen      total 540672K, used 12256K [0x000000078bf00000, 0x00000007af500000, 0x00000007c0000000)
  eden space 500736K, 0% used [0x000000078bf00000,0x000000078bf00000,0x00000007aa800000)
  from space 39936K, 30% used [0x00000007ace00000,0x00000007ad9f82b8,0x00000007af500000)
  to   space 38912K, 0% used [0x00000007aa800000,0x00000007aa800000,0x00000007ace00000)
 ParOldGen       total 150528K, used 135852K [0x0000000723c00000, 0x000000072cf00000, 0x000000078bf00000)
  object space 150528K, 90% used [0x0000000723c00000,0x000000072c0ab208,0x000000072cf00000)
 Metaspace       used 10558K, capacity 10724K, committed 10880K, reserved 1058816K
  class space    used 1329K, capacity 1401K, committed 1408K, reserved 1048576K
}
Event: 52.435 GC heap before
{Heap before GC invocations=16 (full 2):
 PSYoungGen      total 540672K, used 12256K [0x000000078bf00000, 0x00000007af500000, 0x00000007c0000000)
  eden space 500736K, 0% used [0x000000078bf00000,0x000000078bf00000,0x00000007aa800000)
  from space 39936K, 30% used [0x00000007ace00000,0x00000007ad9f82b8,0x00000007af500000)
  to   space 38912K, 0% used [0x00000007aa800000,0x00000007aa800000,0x00000007ace00000)
 ParOldGen       total 150528K, used 135852K [0x0000000723c00000, 0x000000072cf00000, 0x000000078bf00000)
  object space 150528K, 90% used [0x0000000723c00000,0x000000072c0ab208,0x000000072cf00000)
 Metaspace       used 10558K, capacity 10724K, committed 10880K, reserved 1058816K
  class space    used 1329K, capacity 1401K, committed 1408K, reserved 1048576K
Event: 52.717 GC heap after
Heap after GC invocations=16 (full 2):
 PSYoungGen      total 540672K, used 0K [0x000000078bf00000, 0x00000007af500000, 0x00000007c0000000)
  eden space 500736K, 0% used [0x000000078bf00000,0x000000078bf00000,0x00000007aa800000)
  from space 39936K, 0% used [0x00000007ace00000,0x00000007ace00000,0x00000007af500000)
  to   space 38912K, 0% used [0x00000007aa800000,0x00000007aa800000,0x00000007ace00000)
 ParOldGen       total 190976K, used 109174K [0x0000000723c00000, 0x000000072f680000, 0x000000078bf00000)
  object space 190976K, 57% used [0x0000000723c00000,0x000000072a69dae0,0x000000072f680000)
 Metaspace       used 10558K, capacity 10724K, committed 10880K, reserved 1058816K
  class space    used 1329K, capacity 1401K, committed 1408K, reserved 1048576K
}
Event: 53.556 GC heap before
{Heap before GC invocations=17 (full 2):
 PSYoungGen      total 540672K, used 500736K [0x000000078bf00000, 0x00000007af500000, 0x00000007c0000000)
  eden space 500736K, 100% used [0x000000078bf00000,0x00000007aa800000,0x00000007aa800000)
  from space 39936K, 0% used [0x00000007ace00000,0x00000007ace00000,0x00000007af500000)
  to   space 38912K, 0% used [0x00000007aa800000,0x00000007aa800000,0x00000007ace00000)
 ParOldGen       total 190976K, used 109174K [0x0000000723c00000, 0x000000072f680000, 0x000000078bf00000)
  object space 190976K, 57% used [0x0000000723c00000,0x000000072a69dae0,0x000000072f680000)
 Metaspace       used 10569K, capacity 10724K, committed 10880K, reserved 1058816K
  class space    used 1329K, capacity 1401K, committed 1408K, reserved 1048576K
Event: 53.568 GC heap after
Heap after GC invocations=17 (full 2):
 PSYoungGen      total 539648K, used 10560K [0x000000078bf00000, 0x00000007b8780000, 0x00000007c0000000)
  eden space 500736K, 0% used [0x000000078bf00000,0x000000078bf00000,0x00000007aa800000)
  from space 38912K, 27% used [0x00000007aa800000,0x00000007ab250020,0x00000007ace00000)
  to   space 34816K, 0% used [0x00000007b6580000,0x00000007b6580000,0x00000007b8780000)
 ParOldGen       total 190976K, used 109174K [0x0000000723c00000, 0x000000072f680000, 0x000000078bf00000)
  object space 190976K, 57% used [0x0000000723c00000,0x000000072a69dae0,0x000000072f680000)
 Metaspace       used 10569K, capacity 10724K, committed 10880K, reserved 1058816K
  class space    used 1329K, capacity 1401K, committed 1408K, reserved 1048576K
}

