# JRE version: Java(TM) SE Runtime Environment (8.0_241-b07) (build 1.8.0_241-b07)
# Java VM: Java HotSpot(TM) 64-Bit Server VM (25.241-b07 mixed mode windows-amd64 compressed oops)
Heap:
 PSYoungGen      total 392704K, used 323630K [0x00000000d6980000, 0x00000000f1780000, 0x0000000100000000)
  eden space 351744K, 89% used [0x00000000d6980000,0x00000000e9e0b9a0,0x00000000ec100000)
  from space 40960K, 18% used [0x00000000ec100000,0x00000000ec880010,0x00000000ee900000)
  to   space 41984K, 0% used [0x00000000ee900000,0x00000000ee900000,0x00000000f1200000)
 ParOldGen       total 150016K, used 108088K [0x0000000083c00000, 0x000000008ce80000, 0x00000000d6980000)
  object space 150016K, 72% used [0x0000000083c00000,0x000000008a58e3e8,0x000000008ce80000)
 Metaspace       used 10819K, capacity 10976K, committed 11136K, reserved 1058816K
  class space    used 1352K, capacity 1401K, committed 1408K, reserved 1048576K
GC Heap History (10 events):
Event: 47.225 GC heap before
{Heap before GC invocations=15 (full 1):
 PSYoungGen      total 392704K, used 358560K [0x00000000d6980000, 0x00000000f1780000, 0x0000000100000000)
  eden space 351744K, 100% used [0x00000000d6980000,0x00000000ec100000,0x00000000ec100000)
  from space 40960K, 16% used [0x00000000ec100000,0x00000000ec7a8020,0x00000000ee900000)
  to   space 41984K, 0% used [0x00000000ee900000,0x00000000ee900000,0x00000000f1200000)
 ParOldGen       total 150016K, used 116637K [0x0000000083c00000, 0x000000008ce80000, 0x00000000d6980000)
  object space 150016K, 77% used [0x0000000083c00000,0x000000008ade7498,0x000000008ce80000)
 Metaspace       used 10669K, capacity 10848K, committed 11136K, reserved 1058816K
  class space    used 1343K, capacity 1401K, committed 1408K, reserved 1048576K
Event: 47.241 GC heap after
Heap after GC invocations=15 (full 1):
 PSYoungGen      total 393728K, used 8176K [0x00000000d6980000, 0x00000000f1780000, 0x0000000100000000)
  eden space 351744K, 0% used [0x00000000d6980000,0x00000000d6980000,0x00000000ec100000)
  from space 41984K, 19% used [0x00000000ee900000,0x00000000ef0fc070,0x00000000f1200000)
  to   space 40960K, 0% used [0x00000000ec100000,0x00000000ec100000,0x00000000ee900000)
 ParOldGen       total 150016K, used 123461K [0x0000000083c00000, 0x000000008ce80000, 0x00000000d6980000)
  object space 150016K, 82% used [0x0000000083c00000,0x000000008b491518,0x000000008ce80000)
 Metaspace       used 10669K, capacity 10848K, committed 11136K, reserved 1058816K
  class space    used 1343K, capacity 1401K, committed 1408K, reserved 1048576K
}
Event: 47.958 GC heap before
{Heap before GC invocations=16 (full 1):
 PSYoungGen      total 393728K, used 359920K [0x00000000d6980000, 0x00000000f1780000, 0x0000000100000000)
  eden space 351744K, 100% used [0x00000000d6980000,0x00000000ec100000,0x00000000ec100000)
  from space 41984K, 19% used [0x00000000ee900000,0x00000000ef0fc070,0x00000000f1200000)
  to   space 40960K, 0% used [0x00000000ec100000,0x00000000ec100000,0x00000000ee900000)
 ParOldGen       total 150016K, used 123461K [0x0000000083c00000, 0x000000008ce80000, 0x00000000d6980000)
  object space 150016K, 82% used [0x0000000083c00000,0x000000008b491518,0x000000008ce80000)
 Metaspace       used 10767K, capacity 10912K, committed 11136K, reserved 1058816K
  class space    used 1352K, capacity 1401K, committed 1408K, reserved 1048576K
Event: 47.974 GC heap after
Heap after GC invocations=16 (full 1):
 PSYoungGen      total 392704K, used 8242K [0x00000000d6980000, 0x00000000f1780000, 0x0000000100000000)
  eden space 351744K, 0% used [0x00000000d6980000,0x00000000d6980000,0x00000000ec100000)
  from space 40960K, 20% used [0x00000000ec100000,0x00000000ec90c990,0x00000000ee900000)
  to   space 41984K, 0% used [0x00000000ee900000,0x00000000ee900000,0x00000000f1200000)
 ParOldGen       total 150016K, used 131529K [0x0000000083c00000, 0x000000008ce80000, 0x00000000d6980000)
  object space 150016K, 87% used [0x0000000083c00000,0x000000008bc725b8,0x000000008ce80000)
 Metaspace       used 10767K, capacity 10912K, committed 11136K, reserved 1058816K
  class space    used 1352K, capacity 1401K, committed 1408K, reserved 1048576K
}
Event: 48.611 GC heap before
{Heap before GC invocations=17 (full 1):
 PSYoungGen      total 392704K, used 359986K [0x00000000d6980000, 0x00000000f1780000, 0x0000000100000000)
  eden space 351744K, 100% used [0x00000000d6980000,0x00000000ec100000,0x00000000ec100000)
  from space 40960K, 20% used [0x00000000ec100000,0x00000000ec90c990,0x00000000ee900000)
  to   space 41984K, 0% used [0x00000000ee900000,0x00000000ee900000,0x00000000f1200000)
 ParOldGen       total 150016K, used 131529K [0x0000000083c00000, 0x000000008ce80000, 0x00000000d6980000)
  object space 150016K, 87% used [0x0000000083c00000,0x000000008bc725b8,0x000000008ce80000)
 Metaspace       used 10772K, capacity 10912K, committed 11136K, reserved 1058816K
  class space    used 1352K, capacity 1401K, committed 1408K, reserved 1048576K
Event: 48.628 GC heap after
Heap after GC invocations=17 (full 1):
 PSYoungGen      total 393728K, used 8926K [0x00000000d6980000, 0x00000000f1780000, 0x0000000100000000)
  eden space 351744K, 0% used [0x00000000d6980000,0x00000000d6980000,0x00000000ec100000)
  from space 41984K, 21% used [0x00000000ee900000,0x00000000ef1b7908,0x00000000f1200000)
  to   space 40960K, 0% used [0x00000000ec100000,0x00000000ec100000,0x00000000ee900000)
 ParOldGen       total 150016K, used 139361K [0x0000000083c00000, 0x000000008ce80000, 0x00000000d6980000)
  object space 150016K, 92% used [0x0000000083c00000,0x000000008c4185b8,0x000000008ce80000)
 Metaspace       used 10772K, capacity 10912K, committed 11136K, reserved 1058816K
  class space    used 1352K, capacity 1401K, committed 1408K, reserved 1048576K
}
Event: 48.628 GC heap before
{Heap before GC invocations=18 (full 2):
 PSYoungGen      total 393728K, used 8926K [0x00000000d6980000, 0x00000000f1780000, 0x0000000100000000)
  eden space 351744K, 0% used [0x00000000d6980000,0x00000000d6980000,0x00000000ec100000)
  from space 41984K, 21% used [0x00000000ee900000,0x00000000ef1b7908,0x00000000f1200000)
  to   space 40960K, 0% used [0x00000000ec100000,0x00000000ec100000,0x00000000ee900000)
 ParOldGen       total 150016K, used 139361K [0x0000000083c00000, 0x000000008ce80000, 0x00000000d6980000)
  object space 150016K, 92% used [0x0000000083c00000,0x000000008c4185b8,0x000000008ce80000)
 Metaspace       used 10772K, capacity 10912K, committed 11136K, reserved 1058816K
  class space    used 1352K, capacity 1401K, committed 1408K, reserved 1048576K
Event: 48.928 GC heap after
Heap after GC invocations=18 (full 2):
 PSYoungGen      total 393728K, used 0K [0x00000000d6980000, 0x00000000f1780000, 0x0000000100000000)
  eden space 351744K, 0% used [0x00000000d6980000,0x00000000d6980000,0x00000000ec100000)
  from space 41984K, 0% used [0x00000000ee900000,0x00000000ee900000,0x00000000f1200000)
  to   space 40960K, 0% used [0x00000000ec100000,0x00000000ec100000,0x00000000ee900000)
 ParOldGen       total 150016K, used 108088K [0x0000000083c00000, 0x000000008ce80000, 0x00000000d6980000)
  object space 150016K, 72% used [0x0000000083c00000,0x000000008a58e3e8,0x000000008ce80000)
 Metaspace       used 10772K, capacity 10912K, committed 11136K, reserved 1058816K
  class space    used 1352K, capacity 1401K, committed 1408K, reserved 1048576K
}
Event: 49.551 GC heap before
{Heap before GC invocations=19 (full 2):
 PSYoungGen      total 393728K, used 351744K [0x00000000d6980000, 0x00000000f1780000, 0x0000000100000000)
  eden space 351744K, 100% used [0x00000000d6980000,0x00000000ec100000,0x00000000ec100000)
  from space 41984K, 0% used [0x00000000ee900000,0x00000000ee900000,0x00000000f1200000)
  to   space 40960K, 0% used [0x00000000ec100000,0x00000000ec100000,0x00000000ee900000)
 ParOldGen       total 150016K, used 108088K [0x0000000083c00000, 0x000000008ce80000, 0x00000000d6980000)
  object space 150016K, 72% used [0x0000000083c00000,0x000000008a58e3e8,0x000000008ce80000)
 Metaspace       used 10773K, capacity 10912K, committed 11136K, reserved 1058816K
  class space    used 1352K, capacity 1401K, committed 1408K, reserved 1048576K
Event: 49.564 GC heap after
Heap after GC invocations=19 (full 2):
 PSYoungGen      total 392704K, used 7680K [0x00000000d6980000, 0x00000000f1780000, 0x0000000100000000)
  eden space 351744K, 0% used [0x00000000d6980000,0x00000000d6980000,0x00000000ec100000)
  from space 40960K, 18% used [0x00000000ec100000,0x00000000ec880010,0x00000000ee900000)
  to   space 41984K, 0% used [0x00000000ee900000,0x00000000ee900000,0x00000000f1200000)
 ParOldGen       total 150016K, used 108088K [0x0000000083c00000, 0x000000008ce80000, 0x00000000d6980000)
  object space 150016K, 72% used [0x0000000083c00000,0x000000008a58e3e8,0x000000008ce80000)
 Metaspace       used 10773K, capacity 10912K, committed 11136K, reserved 1058816K
  class space    used 1352K, capacity 1401K, committed 1408K, reserved 1048576K
}

