# JRE version: Java(TM) SE Runtime Environment (8.0_221-b11) (build 1.8.0_221-b11)
# Java VM: Java HotSpot(TM) 64-Bit Server VM (25.221-b11 mixed mode windows-amd64 compressed oops)
Heap:
 PSYoungGen      total 642560K, used 74285K [0x00000000d6980000, 0x00000000ffc00000, 0x0000000100000000)
  eden space 611840K, 9% used [0x00000000d6980000,0x00000000da53b4d8,0x00000000fbf00000)
  from space 30720K, 42% used [0x00000000fde00000,0x00000000fead0000,0x00000000ffc00000)
  to   space 31232K, 0% used [0x00000000fbf00000,0x00000000fbf00000,0x00000000fdd80000)
 ParOldGen       total 174080K, used 143735K [0x0000000083c00000, 0x000000008e600000, 0x00000000d6980000)
  object space 174080K, 82% used [0x0000000083c00000,0x000000008c85ddc0,0x000000008e600000)
 Metaspace       used 9341K, capacity 9942K, committed 10240K, reserved 1058816K
  class space    used 1160K, capacity 1168K, committed 1280K, reserved 1048576K
GC Heap History (10 events):
Event: 130.306 GC heap before
{Heap before GC invocations=16 (full 2):
 PSYoungGen      total 635904K, used 13968K [0x00000000d6980000, 0x00000000ffb80000, 0x0000000100000000)
  eden space 601088K, 0% used [0x00000000d6980000,0x00000000d6980000,0x00000000fb480000)
  from space 34816K, 40% used [0x00000000fd980000,0x00000000fe7242c8,0x00000000ffb80000)
  to   space 36352K, 0% used [0x00000000fb480000,0x00000000fb480000,0x00000000fd800000)
 ParOldGen       total 146432K, used 129239K [0x0000000083c00000, 0x000000008cb00000, 0x00000000d6980000)
  object space 146432K, 88% used [0x0000000083c00000,0x000000008ba35d30,0x000000008cb00000)
 Metaspace       used 9223K, capacity 9814K, committed 9984K, reserved 1058816K
  class space    used 1160K, capacity 1168K, committed 1280K, reserved 1048576K
Event: 130.881 GC heap after
Heap after GC invocations=16 (full 2):
 PSYoungGen      total 635904K, used 0K [0x00000000d6980000, 0x00000000ffb80000, 0x0000000100000000)
  eden space 601088K, 0% used [0x00000000d6980000,0x00000000d6980000,0x00000000fb480000)
  from space 34816K, 0% used [0x00000000fd980000,0x00000000fd980000,0x00000000ffb80000)
  to   space 36352K, 0% used [0x00000000fb480000,0x00000000fb480000,0x00000000fd800000)
 ParOldGen       total 174080K, used 104331K [0x0000000083c00000, 0x000000008e600000, 0x00000000d6980000)
  object space 174080K, 59% used [0x0000000083c00000,0x000000008a1e2c30,0x000000008e600000)
 Metaspace       used 9223K, capacity 9814K, committed 9984K, reserved 1058816K
  class space    used 1160K, capacity 1168K, committed 1280K, reserved 1048576K
}
Event: 132.183 GC heap before
{Heap before GC invocations=17 (full 2):
 PSYoungGen      total 635904K, used 601088K [0x00000000d6980000, 0x00000000ffb80000, 0x0000000100000000)
  eden space 601088K, 100% used [0x00000000d6980000,0x00000000fb480000,0x00000000fb480000)
  from space 34816K, 0% used [0x00000000fd980000,0x00000000fd980000,0x00000000ffb80000)
  to   space 36352K, 0% used [0x00000000fb480000,0x00000000fb480000,0x00000000fd800000)
 ParOldGen       total 174080K, used 104331K [0x0000000083c00000, 0x000000008e600000, 0x00000000d6980000)
  object space 174080K, 59% used [0x0000000083c00000,0x000000008a1e2c30,0x000000008e600000)
 Metaspace       used 9233K, capacity 9814K, committed 9984K, reserved 1058816K
  class space    used 1160K, capacity 1168K, committed 1280K, reserved 1048576K
Event: 132.209 GC heap after
Heap after GC invocations=17 (full 2):
 PSYoungGen      total 637440K, used 14336K [0x00000000d6980000, 0x00000000ffd80000, 0x0000000100000000)
  eden space 601088K, 0% used [0x00000000d6980000,0x00000000d6980000,0x00000000fb480000)
  from space 36352K, 39% used [0x00000000fb480000,0x00000000fc280020,0x00000000fd800000)
  to   space 34304K, 0% used [0x00000000fdc00000,0x00000000fdc00000,0x00000000ffd80000)
 ParOldGen       total 174080K, used 104331K [0x0000000083c00000, 0x000000008e600000, 0x00000000d6980000)
  object space 174080K, 59% used [0x0000000083c00000,0x000000008a1e2c30,0x000000008e600000)
 Metaspace       used 9233K, capacity 9814K, committed 9984K, reserved 1058816K
  class space    used 1160K, capacity 1168K, committed 1280K, reserved 1048576K
}
Event: 134.189 GC heap before
{Heap before GC invocations=18 (full 2):
 PSYoungGen      total 637440K, used 615424K [0x00000000d6980000, 0x00000000ffd80000, 0x0000000100000000)
  eden space 601088K, 100% used [0x00000000d6980000,0x00000000fb480000,0x00000000fb480000)
  from space 36352K, 39% used [0x00000000fb480000,0x00000000fc280020,0x00000000fd800000)
  to   space 34304K, 0% used [0x00000000fdc00000,0x00000000fdc00000,0x00000000ffd80000)
 ParOldGen       total 174080K, used 104331K [0x0000000083c00000, 0x000000008e600000, 0x00000000d6980000)
  object space 174080K, 59% used [0x0000000083c00000,0x000000008a1e2c30,0x000000008e600000)
 Metaspace       used 9269K, capacity 9878K, committed 10240K, reserved 1058816K
  class space    used 1160K, capacity 1168K, committed 1280K, reserved 1048576K
Event: 134.212 GC heap after
Heap after GC invocations=18 (full 2):
 PSYoungGen      total 641536K, used 8224K [0x00000000d6980000, 0x00000000ffd00000, 0x0000000100000000)
  eden space 607744K, 0% used [0x00000000d6980000,0x00000000d6980000,0x00000000fbb00000)
  from space 33792K, 24% used [0x00000000fdc00000,0x00000000fe408010,0x00000000ffd00000)
  to   space 33792K, 0% used [0x00000000fbb00000,0x00000000fbb00000,0x00000000fdc00000)
 ParOldGen       total 174080K, used 118607K [0x0000000083c00000, 0x000000008e600000, 0x00000000d6980000)
  object space 174080K, 68% used [0x0000000083c00000,0x000000008afd3c60,0x000000008e600000)
 Metaspace       used 9269K, capacity 9878K, committed 10240K, reserved 1058816K
  class space    used 1160K, capacity 1168K, committed 1280K, reserved 1048576K
}
Event: 136.460 GC heap before
{Heap before GC invocations=19 (full 2):
 PSYoungGen      total 641536K, used 615968K [0x00000000d6980000, 0x00000000ffd00000, 0x0000000100000000)
  eden space 607744K, 100% used [0x00000000d6980000,0x00000000fbb00000,0x00000000fbb00000)
  from space 33792K, 24% used [0x00000000fdc00000,0x00000000fe408010,0x00000000ffd00000)
  to   space 33792K, 0% used [0x00000000fbb00000,0x00000000fbb00000,0x00000000fdc00000)
 ParOldGen       total 174080K, used 118607K [0x0000000083c00000, 0x000000008e600000, 0x00000000d6980000)
  object space 174080K, 68% used [0x0000000083c00000,0x000000008afd3c60,0x000000008e600000)
 Metaspace       used 9337K, capacity 9942K, committed 10240K, reserved 1058816K
  class space    used 1160K, capacity 1168K, committed 1280K, reserved 1048576K
Event: 136.486 GC heap after
Heap after GC invocations=19 (full 2):
 PSYoungGen      total 641536K, used 17040K [0x00000000d6980000, 0x00000000ffe00000, 0x0000000100000000)
  eden space 607744K, 0% used [0x00000000d6980000,0x00000000d6980000,0x00000000fbb00000)
  from space 33792K, 50% used [0x00000000fbb00000,0x00000000fcba40d0,0x00000000fdc00000)
  to   space 32768K, 0% used [0x00000000fde00000,0x00000000fde00000,0x00000000ffe00000)
 ParOldGen       total 174080K, used 126699K [0x0000000083c00000, 0x000000008e600000, 0x00000000d6980000)
  object space 174080K, 72% used [0x0000000083c00000,0x000000008b7bacc0,0x000000008e600000)
 Metaspace       used 9337K, capacity 9942K, committed 10240K, reserved 1058816K
  class space    used 1160K, capacity 1168K, committed 1280K, reserved 1048576K
}
Event: 137.645 GC heap before
{Heap before GC invocations=20 (full 2):
 PSYoungGen      total 641536K, used 624784K [0x00000000d6980000, 0x00000000ffe00000, 0x0000000100000000)
  eden space 607744K, 100% used [0x00000000d6980000,0x00000000fbb00000,0x00000000fbb00000)
  from space 33792K, 50% used [0x00000000fbb00000,0x00000000fcba40d0,0x00000000fdc00000)
  to   space 32768K, 0% used [0x00000000fde00000,0x00000000fde00000,0x00000000ffe00000)
 ParOldGen       total 174080K, used 126699K [0x0000000083c00000, 0x000000008e600000, 0x00000000d6980000)
  object space 174080K, 72% used [0x0000000083c00000,0x000000008b7bacc0,0x000000008e600000)
 Metaspace       used 9341K, capacity 9942K, committed 10240K, reserved 1058816K
  class space    used 1160K, capacity 1168K, committed 1280K, reserved 1048576K
Event: 137.701 GC heap after
Heap after GC invocations=20 (full 2):
 PSYoungGen      total 642560K, used 13120K [0x00000000d6980000, 0x00000000ffc00000, 0x0000000100000000)
  eden space 611840K, 0% used [0x00000000d6980000,0x00000000d6980000,0x00000000fbf00000)
  from space 30720K, 42% used [0x00000000fde00000,0x00000000fead0000,0x00000000ffc00000)
  to   space 31232K, 0% used [0x00000000fbf00000,0x00000000fbf00000,0x00000000fdd80000)
 ParOldGen       total 174080K, used 143735K [0x0000000083c00000, 0x000000008e600000, 0x00000000d6980000)
  object space 174080K, 82% used [0x0000000083c00000,0x000000008c85ddc0,0x000000008e600000)
 Metaspace       used 9341K, capacity 9942K, committed 10240K, reserved 1058816K
  class space    used 1160K, capacity 1168K, committed 1280K, reserved 1048576K
}

