# JRE version: Java(TM) SE Runtime Environment (8.0_241-b07) (build 1.8.0_241-b07)
# Java VM: Java HotSpot(TM) 64-Bit Server VM (25.241-b07 mixed mode windows-amd64 compressed oops)
Heap:
 PSYoungGen      total 1030656K, used 224562K [0x00000005b7300000, 0x0000000605f00000, 0x00000007c0000000)
  eden space 996352K, 19% used [0x00000005b7300000,0x00000005c35545f8,0x00000005f4000000)
  from space 34304K, 74% used [0x00000005f4000000,0x00000005f58f8548,0x00000005f6180000)
  to   space 35840K, 0% used [0x0000000603c00000,0x0000000603c00000,0x0000000605f00000)
 ParOldGen       total 191488K, used 146828K [0x00000001a5800000, 0x00000001b1300000, 0x00000005b7300000)
  object space 191488K, 76% used [0x00000001a5800000,0x00000001ae763240,0x00000001b1300000)
 Metaspace       used 10730K, capacity 10852K, committed 11136K, reserved 1058816K
  class space    used 1343K, capacity 1401K, committed 1408K, reserved 1048576K
GC Heap History (10 events):
Event: 49.733 GC heap before
{Heap before GC invocations=15 (full 1):
 PSYoungGen      total 554496K, used 528720K [0x00000005b7300000, 0x00000005e9f80000, 0x00000007c0000000)
  eden space 515072K, 100% used [0x00000005b7300000,0x00000005d6a00000,0x00000005d6a00000)
  from space 39424K, 34% used [0x00000005d6a00000,0x00000005d7754040,0x00000005d9080000)
  to   space 37376K, 0% used [0x00000005e7b00000,0x00000005e7b00000,0x00000005e9f80000)
 ParOldGen       total 150016K, used 122513K [0x00000001a5800000, 0x00000001aea80000, 0x00000005b7300000)
  object space 150016K, 81% used [0x00000001a5800000,0x00000001acfa46f0,0x00000001aea80000)
 Metaspace       used 10572K, capacity 10724K, committed 10880K, reserved 1058816K
  class space    used 1335K, capacity 1401K, committed 1408K, reserved 1048576K
Event: 49.759 GC heap after
Heap after GC invocations=15 (full 1):
 PSYoungGen      total 795648K, used 12352K [0x00000005b7300000, 0x00000005ea380000, 0x00000007c0000000)
  eden space 758272K, 0% used [0x00000005b7300000,0x00000005b7300000,0x00000005e5780000)
  from space 37376K, 33% used [0x00000005e7b00000,0x00000005e87102c0,0x00000005e9f80000)
  to   space 36352K, 0% used [0x00000005e5780000,0x00000005e5780000,0x00000005e7b00000)
 ParOldGen       total 150016K, used 136120K [0x00000001a5800000, 0x00000001aea80000, 0x00000005b7300000)
  object space 150016K, 90% used [0x00000001a5800000,0x00000001adcee2d0,0x00000001aea80000)
 Metaspace       used 10572K, capacity 10724K, committed 10880K, reserved 1058816K
  class space    used 1335K, capacity 1401K, committed 1408K, reserved 1048576K
}
Event: 49.760 GC heap before
{Heap before GC invocations=16 (full 2):
 PSYoungGen      total 795648K, used 12352K [0x00000005b7300000, 0x00000005ea380000, 0x00000007c0000000)
  eden space 758272K, 0% used [0x00000005b7300000,0x00000005b7300000,0x00000005e5780000)
  from space 37376K, 33% used [0x00000005e7b00000,0x00000005e87102c0,0x00000005e9f80000)
  to   space 36352K, 0% used [0x00000005e5780000,0x00000005e5780000,0x00000005e7b00000)
 ParOldGen       total 150016K, used 136120K [0x00000001a5800000, 0x00000001aea80000, 0x00000005b7300000)
  object space 150016K, 90% used [0x00000001a5800000,0x00000001adcee2d0,0x00000001aea80000)
 Metaspace       used 10572K, capacity 10724K, committed 10880K, reserved 1058816K
  class space    used 1335K, capacity 1401K, committed 1408K, reserved 1048576K
Event: 50.050 GC heap after
Heap after GC invocations=16 (full 2):
 PSYoungGen      total 795648K, used 0K [0x00000005b7300000, 0x00000005ea380000, 0x00000007c0000000)
  eden space 758272K, 0% used [0x00000005b7300000,0x00000005b7300000,0x00000005e5780000)
  from space 37376K, 0% used [0x00000005e7b00000,0x00000005e7b00000,0x00000005e9f80000)
  to   space 36352K, 0% used [0x00000005e5780000,0x00000005e5780000,0x00000005e7b00000)
 ParOldGen       total 191488K, used 109224K [0x00000001a5800000, 0x00000001b1300000, 0x00000005b7300000)
  object space 191488K, 57% used [0x00000001a5800000,0x00000001ac2aa170,0x00000001b1300000)
 Metaspace       used 10572K, capacity 10724K, committed 10880K, reserved 1058816K
  class space    used 1335K, capacity 1401K, committed 1408K, reserved 1048576K
}
Event: 51.362 GC heap before
{Heap before GC invocations=17 (full 2):
 PSYoungGen      total 795648K, used 758272K [0x00000005b7300000, 0x00000005ea380000, 0x00000007c0000000)
  eden space 758272K, 100% used [0x00000005b7300000,0x00000005e5780000,0x00000005e5780000)
  from space 37376K, 0% used [0x00000005e7b00000,0x00000005e7b00000,0x00000005e9f80000)
  to   space 36352K, 0% used [0x00000005e5780000,0x00000005e5780000,0x00000005e7b00000)
 ParOldGen       total 191488K, used 109224K [0x00000001a5800000, 0x00000001b1300000, 0x00000005b7300000)
  object space 191488K, 57% used [0x00000001a5800000,0x00000001ac2aa170,0x00000001b1300000)
 Metaspace       used 10586K, capacity 10724K, committed 10880K, reserved 1058816K
  class space    used 1335K, capacity 1401K, committed 1408K, reserved 1048576K
Event: 51.389 GC heap after
Heap after GC invocations=17 (full 2):
 PSYoungGen      total 794624K, used 16288K [0x00000005b7300000, 0x00000005f8300000, 0x00000007c0000000)
  eden space 758272K, 0% used [0x00000005b7300000,0x00000005b7300000,0x00000005e5780000)
  from space 36352K, 44% used [0x00000005e5780000,0x00000005e6768030,0x00000005e7b00000)
  to   space 34304K, 0% used [0x00000005f6180000,0x00000005f6180000,0x00000005f8300000)
 ParOldGen       total 191488K, used 109224K [0x00000001a5800000, 0x00000001b1300000, 0x00000005b7300000)
  object space 191488K, 57% used [0x00000001a5800000,0x00000001ac2aa170,0x00000001b1300000)
 Metaspace       used 10586K, capacity 10724K, committed 10880K, reserved 1058816K
  class space    used 1335K, capacity 1401K, committed 1408K, reserved 1048576K
}
Event: 52.819 GC heap before
{Heap before GC invocations=18 (full 2):
 PSYoungGen      total 794624K, used 774560K [0x00000005b7300000, 0x00000005f8300000, 0x00000007c0000000)
  eden space 758272K, 100% used [0x00000005b7300000,0x00000005e5780000,0x00000005e5780000)
  from space 36352K, 44% used [0x00000005e5780000,0x00000005e6768030,0x00000005e7b00000)
  to   space 34304K, 0% used [0x00000005f6180000,0x00000005f6180000,0x00000005f8300000)
 ParOldGen       total 191488K, used 109224K [0x00000001a5800000, 0x00000001b1300000, 0x00000005b7300000)
  object space 191488K, 57% used [0x00000001a5800000,0x00000001ac2aa170,0x00000001b1300000)
 Metaspace       used 10716K, capacity 10852K, committed 11136K, reserved 1058816K
  class space    used 1343K, capacity 1401K, committed 1408K, reserved 1048576K
Event: 52.866 GC heap after
Heap after GC invocations=18 (full 2):
 PSYoungGen      total 1030656K, used 21536K [0x00000005b7300000, 0x00000005f9000000, 0x00000007c0000000)
  eden space 996352K, 0% used [0x00000005b7300000,0x00000005b7300000,0x00000005f4000000)
  from space 34304K, 62% used [0x00000005f6180000,0x00000005f7688070,0x00000005f8300000)
  to   space 34304K, 0% used [0x00000005f4000000,0x00000005f4000000,0x00000005f6180000)
 ParOldGen       total 191488K, used 125436K [0x00000001a5800000, 0x00000001b1300000, 0x00000005b7300000)
  object space 191488K, 65% used [0x00000001a5800000,0x00000001ad27f1b0,0x00000001b1300000)
 Metaspace       used 10716K, capacity 10852K, committed 11136K, reserved 1058816K
  class space    used 1343K, capacity 1401K, committed 1408K, reserved 1048576K
}
Event: 54.603 GC heap before
{Heap before GC invocations=19 (full 2):
 PSYoungGen      total 1030656K, used 1017888K [0x00000005b7300000, 0x00000005f9000000, 0x00000007c0000000)
  eden space 996352K, 100% used [0x00000005b7300000,0x00000005f4000000,0x00000005f4000000)
  from space 34304K, 62% used [0x00000005f6180000,0x00000005f7688070,0x00000005f8300000)
  to   space 34304K, 0% used [0x00000005f4000000,0x00000005f4000000,0x00000005f6180000)
 ParOldGen       total 191488K, used 125436K [0x00000001a5800000, 0x00000001b1300000, 0x00000005b7300000)
  object space 191488K, 65% used [0x00000001a5800000,0x00000001ad27f1b0,0x00000001b1300000)
 Metaspace       used 10724K, capacity 10852K, committed 11136K, reserved 1058816K
  class space    used 1343K, capacity 1401K, committed 1408K, reserved 1048576K
Event: 54.650 GC heap after
Heap after GC invocations=19 (full 2):
 PSYoungGen      total 1030656K, used 25569K [0x00000005b7300000, 0x0000000605f00000, 0x00000007c0000000)
  eden space 996352K, 0% used [0x00000005b7300000,0x00000005b7300000,0x00000005f4000000)
  from space 34304K, 74% used [0x00000005f4000000,0x00000005f58f8548,0x00000005f6180000)
  to   space 35840K, 0% used [0x0000000603c00000,0x0000000603c00000,0x0000000605f00000)
 ParOldGen       total 191488K, used 146828K [0x00000001a5800000, 0x00000001b1300000, 0x00000005b7300000)
  object space 191488K, 76% used [0x00000001a5800000,0x00000001ae763240,0x00000001b1300000)
 Metaspace       used 10724K, capacity 10852K, committed 11136K, reserved 1058816K
  class space    used 1343K, capacity 1401K, committed 1408K, reserved 1048576K
}

