# JRE version: Java(TM) SE Runtime Environment (8.0_241-b07) (build 1.8.0_241-b07)
# Java VM: Java HotSpot(TM) 64-Bit Server VM (25.241-b07 mixed mode windows-amd64 compressed oops)
Heap:
 PSYoungGen      total 542208K, used 239753K [0x00000005b7300000, 0x00000005daf80000, 0x00000007c0000000)
  eden space 503296K, 45% used [0x00000005b7300000,0x00000005c54b6470,0x00000005d5e80000)
  from space 38912K, 22% used [0x00000005d8400000,0x00000005d8c6c060,0x00000005daa00000)
  to   space 38400K, 0% used [0x00000005d5e80000,0x00000005d5e80000,0x00000005d8400000)
 ParOldGen       total 150016K, used 110873K [0x00000001a5800000, 0x00000001aea80000, 0x00000005b7300000)
  object space 150016K, 73% used [0x00000001a5800000,0x00000001ac446760,0x00000001aea80000)
 Metaspace       used 10689K, capacity 10856K, committed 11136K, reserved 1058816K
  class space    used 1337K, capacity 1401K, committed 1408K, reserved 1048576K
GC Heap History (10 events):
Event: 40.391 GC heap before
{Heap before GC invocations=9 (full 1):
 PSYoungGen      total 275968K, used 29153K [0x00000005b7300000, 0x00000005cc400000, 0x00000007c0000000)
  eden space 246784K, 0% used [0x00000005b7300000,0x00000005b7300000,0x00000005c6400000)
  from space 29184K, 99% used [0x00000005c8d80000,0x00000005ca9f8630,0x00000005caa00000)
  to   space 42496K, 0% used [0x00000005c6400000,0x00000005c6400000,0x00000005c8d80000)
 ParOldGen       total 86016K, used 66937K [0x00000001a5800000, 0x00000001aac00000, 0x00000005b7300000)
  object space 86016K, 77% used [0x00000001a5800000,0x00000001a995e778,0x00000001aac00000)
 Metaspace       used 8257K, capacity 8390K, committed 8576K, reserved 1056768K
  class space    used 998K, capacity 1049K, committed 1152K, reserved 1048576K
Event: 40.617 GC heap after
Heap after GC invocations=9 (full 1):
 PSYoungGen      total 275968K, used 3542K [0x00000005b7300000, 0x00000005cc400000, 0x00000007c0000000)
  eden space 246784K, 0% used [0x00000005b7300000,0x00000005b7300000,0x00000005c6400000)
  from space 29184K, 12% used [0x00000005c8d80000,0x00000005c90f5a90,0x00000005caa00000)
  to   space 42496K, 0% used [0x00000005c6400000,0x00000005c6400000,0x00000005c8d80000)
 ParOldGen       total 150016K, used 85547K [0x00000001a5800000, 0x00000001aea80000, 0x00000005b7300000)
  object space 150016K, 57% used [0x00000001a5800000,0x00000001aab8ace0,0x00000001aea80000)
 Metaspace       used 8257K, capacity 8390K, committed 8576K, reserved 1056768K
  class space    used 998K, capacity 1049K, committed 1152K, reserved 1048576K
}
Event: 45.677 GC heap before
{Heap before GC invocations=10 (full 1):
 PSYoungGen      total 275968K, used 250326K [0x00000005b7300000, 0x00000005cc400000, 0x00000007c0000000)
  eden space 246784K, 100% used [0x00000005b7300000,0x00000005c6400000,0x00000005c6400000)
  from space 29184K, 12% used [0x00000005c8d80000,0x00000005c90f5a90,0x00000005caa00000)
  to   space 42496K, 0% used [0x00000005c6400000,0x00000005c6400000,0x00000005c8d80000)
 ParOldGen       total 150016K, used 85547K [0x00000001a5800000, 0x00000001aea80000, 0x00000005b7300000)
  object space 150016K, 57% used [0x00000001a5800000,0x00000001aab8ace0,0x00000001aea80000)
 Metaspace       used 10567K, capacity 10728K, committed 10880K, reserved 1058816K
  class space    used 1328K, capacity 1401K, committed 1408K, reserved 1048576K
Event: 45.700 GC heap after
Heap after GC invocations=10 (full 1):
 PSYoungGen      total 289280K, used 14621K [0x00000005b7300000, 0x00000005d1500000, 0x00000007c0000000)
  eden space 246784K, 0% used [0x00000005b7300000,0x00000005b7300000,0x00000005c6400000)
  from space 42496K, 34% used [0x00000005c6400000,0x00000005c7247690,0x00000005c8d80000)
  to   space 40960K, 0% used [0x00000005ced00000,0x00000005ced00000,0x00000005d1500000)
 ParOldGen       total 150016K, used 85635K [0x00000001a5800000, 0x00000001aea80000, 0x00000005b7300000)
  object space 150016K, 57% used [0x00000001a5800000,0x00000001aaba0ce0,0x00000001aea80000)
 Metaspace       used 10567K, capacity 10728K, committed 10880K, reserved 1058816K
  class space    used 1328K, capacity 1401K, committed 1408K, reserved 1048576K
}
Event: 46.231 GC heap before
{Heap before GC invocations=11 (full 1):
 PSYoungGen      total 289280K, used 261405K [0x00000005b7300000, 0x00000005d1500000, 0x00000007c0000000)
  eden space 246784K, 100% used [0x00000005b7300000,0x00000005c6400000,0x00000005c6400000)
  from space 42496K, 34% used [0x00000005c6400000,0x00000005c7247690,0x00000005c8d80000)
  to   space 40960K, 0% used [0x00000005ced00000,0x00000005ced00000,0x00000005d1500000)
 ParOldGen       total 150016K, used 85635K [0x00000001a5800000, 0x00000001aea80000, 0x00000005b7300000)
  object space 150016K, 57% used [0x00000001a5800000,0x00000001aaba0ce0,0x00000001aea80000)
 Metaspace       used 10600K, capacity 10728K, committed 10880K, reserved 1058816K
  class space    used 1328K, capacity 1401K, committed 1408K, reserved 1048576K
Event: 46.253 GC heap after
Heap after GC invocations=11 (full 1):
 PSYoungGen      total 388608K, used 14105K [0x00000005b7300000, 0x00000005d2000000, 0x00000007c0000000)
  eden space 347648K, 0% used [0x00000005b7300000,0x00000005b7300000,0x00000005cc680000)
  from space 40960K, 34% used [0x00000005ced00000,0x00000005cfac65a0,0x00000005d1500000)
  to   space 39424K, 0% used [0x00000005cc680000,0x00000005cc680000,0x00000005ced00000)
 ParOldGen       total 150016K, used 89075K [0x00000001a5800000, 0x00000001aea80000, 0x00000005b7300000)
  object space 150016K, 59% used [0x00000001a5800000,0x00000001aaefcce0,0x00000001aea80000)
 Metaspace       used 10600K, capacity 10728K, committed 10880K, reserved 1058816K
  class space    used 1328K, capacity 1401K, committed 1408K, reserved 1048576K
}
Event: 49.253 GC heap before
{Heap before GC invocations=12 (full 1):
 PSYoungGen      total 388608K, used 361753K [0x00000005b7300000, 0x00000005d2000000, 0x00000007c0000000)
  eden space 347648K, 100% used [0x00000005b7300000,0x00000005cc680000,0x00000005cc680000)
  from space 40960K, 34% used [0x00000005ced00000,0x00000005cfac65a0,0x00000005d1500000)
  to   space 39424K, 0% used [0x00000005cc680000,0x00000005cc680000,0x00000005ced00000)
 ParOldGen       total 150016K, used 89075K [0x00000001a5800000, 0x00000001aea80000, 0x00000005b7300000)
  object space 150016K, 59% used [0x00000001a5800000,0x00000001aaefcce0,0x00000001aea80000)
 Metaspace       used 10611K, capacity 10728K, committed 10880K, reserved 1058816K
  class space    used 1329K, capacity 1401K, committed 1408K, reserved 1048576K
Event: 49.285 GC heap after
Heap after GC invocations=12 (full 1):
 PSYoungGen      total 387072K, used 8112K [0x00000005b7300000, 0x00000005daa00000, 0x00000007c0000000)
  eden space 347648K, 0% used [0x00000005b7300000,0x00000005b7300000,0x00000005cc680000)
  from space 39424K, 20% used [0x00000005cc680000,0x00000005cce6c168,0x00000005ced00000)
  to   space 38912K, 0% used [0x00000005d8400000,0x00000005d8400000,0x00000005daa00000)
 ParOldGen       total 150016K, used 102837K [0x00000001a5800000, 0x00000001aea80000, 0x00000005b7300000)
  object space 150016K, 68% used [0x00000001a5800000,0x00000001abc6d578,0x00000001aea80000)
 Metaspace       used 10611K, capacity 10728K, committed 10880K, reserved 1058816K
  class space    used 1329K, capacity 1401K, committed 1408K, reserved 1048576K
}
Event: 50.162 GC heap before
{Heap before GC invocations=13 (full 1):
 PSYoungGen      total 387072K, used 355760K [0x00000005b7300000, 0x00000005daa00000, 0x00000007c0000000)
  eden space 347648K, 100% used [0x00000005b7300000,0x00000005cc680000,0x00000005cc680000)
  from space 39424K, 20% used [0x00000005cc680000,0x00000005cce6c168,0x00000005ced00000)
  to   space 38912K, 0% used [0x00000005d8400000,0x00000005d8400000,0x00000005daa00000)
 ParOldGen       total 150016K, used 102837K [0x00000001a5800000, 0x00000001aea80000, 0x00000005b7300000)
  object space 150016K, 68% used [0x00000001a5800000,0x00000001abc6d578,0x00000001aea80000)
 Metaspace       used 10681K, capacity 10792K, committed 10880K, reserved 1058816K
  class space    used 1336K, capacity 1401K, committed 1408K, reserved 1048576K
Event: 50.187 GC heap after
Heap after GC invocations=13 (full 1):
 PSYoungGen      total 542208K, used 8624K [0x00000005b7300000, 0x00000005daf80000, 0x00000007c0000000)
  eden space 503296K, 0% used [0x00000005b7300000,0x00000005b7300000,0x00000005d5e80000)
  from space 38912K, 22% used [0x00000005d8400000,0x00000005d8c6c060,0x00000005daa00000)
  to   space 38400K, 0% used [0x00000005d5e80000,0x00000005d5e80000,0x00000005d8400000)
 ParOldGen       total 150016K, used 110873K [0x00000001a5800000, 0x00000001aea80000, 0x00000005b7300000)
  object space 150016K, 73% used [0x00000001a5800000,0x00000001ac446760,0x00000001aea80000)
 Metaspace       used 10681K, capacity 10792K, committed 10880K, reserved 1058816K
  class space    used 1336K, capacity 1401K, committed 1408K, reserved 1048576K
}

