# JRE version: Java(TM) SE Runtime Environment (8.0_241-b07) (build 1.8.0_241-b07)
# Java VM: Java HotSpot(TM) 64-Bit Server VM (25.241-b07 mixed mode windows-amd64 compressed oops)
Heap:
 PSYoungGen      total 548352K, used 49204K [0x00000005b7300000, 0x00000005db880000, 0x00000007c0000000)
  eden space 509440K, 7% used [0x00000005b7300000,0x00000005b9ab92d8,0x00000005d6480000)
  from space 38912K, 21% used [0x00000005d8980000,0x00000005d91d4060,0x00000005daf80000)
  to   space 37888K, 0% used [0x00000005d6480000,0x00000005d6480000,0x00000005d8980000)
 ParOldGen       total 144896K, used 105292K [0x00000001a5800000, 0x00000001ae580000, 0x00000005b7300000)
  object space 144896K, 72% used [0x00000001a5800000,0x00000001abed3260,0x00000001ae580000)
 Metaspace       used 10679K, capacity 10792K, committed 10880K, reserved 1058816K
  class space    used 1336K, capacity 1401K, committed 1408K, reserved 1048576K
GC Heap History (10 events):
Event: 40.645 GC heap before
{Heap before GC invocations=9 (full 1):
 PSYoungGen      total 277504K, used 29685K [0x00000005b7300000, 0x00000005cc300000, 0x00000007c0000000)
  eden space 247808K, 0% used [0x00000005b7300000,0x00000005b7300000,0x00000005c6500000)
  from space 29696K, 99% used [0x00000005c8e00000,0x00000005caafd550,0x00000005cab00000)
  to   space 41984K, 0% used [0x00000005c6500000,0x00000005c6500000,0x00000005c8e00000)
 ParOldGen       total 86016K, used 65570K [0x00000001a5800000, 0x00000001aac00000, 0x00000005b7300000)
  object space 86016K, 76% used [0x00000001a5800000,0x00000001a98088d8,0x00000001aac00000)
 Metaspace       used 8261K, capacity 8422K, committed 8576K, reserved 1056768K
  class space    used 1001K, capacity 1081K, committed 1152K, reserved 1048576K
Event: 40.840 GC heap after
Heap after GC invocations=9 (full 1):
 PSYoungGen      total 277504K, used 0K [0x00000005b7300000, 0x00000005cc300000, 0x00000007c0000000)
  eden space 247808K, 0% used [0x00000005b7300000,0x00000005b7300000,0x00000005c6500000)
  from space 29696K, 0% used [0x00000005c8e00000,0x00000005c8e00000,0x00000005cab00000)
  to   space 41984K, 0% used [0x00000005c6500000,0x00000005c6500000,0x00000005c8e00000)
 ParOldGen       total 144896K, used 82742K [0x00000001a5800000, 0x00000001ae580000, 0x00000005b7300000)
  object space 144896K, 57% used [0x00000001a5800000,0x00000001aa8cd838,0x00000001ae580000)
 Metaspace       used 8261K, capacity 8422K, committed 8576K, reserved 1056768K
  class space    used 1001K, capacity 1081K, committed 1152K, reserved 1048576K
}
Event: 46.016 GC heap before
{Heap before GC invocations=10 (full 1):
 PSYoungGen      total 277504K, used 247808K [0x00000005b7300000, 0x00000005cc300000, 0x00000007c0000000)
  eden space 247808K, 100% used [0x00000005b7300000,0x00000005c6500000,0x00000005c6500000)
  from space 29696K, 0% used [0x00000005c8e00000,0x00000005c8e00000,0x00000005cab00000)
  to   space 41984K, 0% used [0x00000005c6500000,0x00000005c6500000,0x00000005c8e00000)
 ParOldGen       total 144896K, used 82742K [0x00000001a5800000, 0x00000001ae580000, 0x00000005b7300000)
  object space 144896K, 57% used [0x00000001a5800000,0x00000001aa8cd838,0x00000001ae580000)
 Metaspace       used 10566K, capacity 10728K, committed 10880K, reserved 1058816K
  class space    used 1328K, capacity 1401K, committed 1408K, reserved 1048576K
Event: 46.032 GC heap after
Heap after GC invocations=10 (full 1):
 PSYoungGen      total 289792K, used 11491K [0x00000005b7300000, 0x00000005d1c80000, 0x00000007c0000000)
  eden space 247808K, 0% used [0x00000005b7300000,0x00000005b7300000,0x00000005c6500000)
  from space 41984K, 27% used [0x00000005c6500000,0x00000005c7038eb0,0x00000005c8e00000)
  to   space 40960K, 0% used [0x00000005cf480000,0x00000005cf480000,0x00000005d1c80000)
 ParOldGen       total 144896K, used 82742K [0x00000001a5800000, 0x00000001ae580000, 0x00000005b7300000)
  object space 144896K, 57% used [0x00000001a5800000,0x00000001aa8cd838,0x00000001ae580000)
 Metaspace       used 10566K, capacity 10728K, committed 10880K, reserved 1058816K
  class space    used 1328K, capacity 1401K, committed 1408K, reserved 1048576K
}
Event: 46.649 GC heap before
{Heap before GC invocations=11 (full 1):
 PSYoungGen      total 289792K, used 259299K [0x00000005b7300000, 0x00000005d1c80000, 0x00000007c0000000)
  eden space 247808K, 100% used [0x00000005b7300000,0x00000005c6500000,0x00000005c6500000)
  from space 41984K, 27% used [0x00000005c6500000,0x00000005c7038eb0,0x00000005c8e00000)
  to   space 40960K, 0% used [0x00000005cf480000,0x00000005cf480000,0x00000005d1c80000)
 ParOldGen       total 144896K, used 82742K [0x00000001a5800000, 0x00000001ae580000, 0x00000005b7300000)
  object space 144896K, 57% used [0x00000001a5800000,0x00000001aa8cd838,0x00000001ae580000)
 Metaspace       used 10596K, capacity 10728K, committed 10880K, reserved 1058816K
  class space    used 1328K, capacity 1401K, committed 1408K, reserved 1048576K
Event: 46.660 GC heap after
Heap after GC invocations=11 (full 1):
 PSYoungGen      total 396288K, used 14745K [0x00000005b7300000, 0x00000005d1c80000, 0x00000007c0000000)
  eden space 355328K, 0% used [0x00000005b7300000,0x00000005b7300000,0x00000005cce00000)
  from space 40960K, 35% used [0x00000005cf480000,0x00000005d02e65a0,0x00000005d1c80000)
  to   space 39424K, 0% used [0x00000005cce00000,0x00000005cce00000,0x00000005cf480000)
 ParOldGen       total 144896K, used 82742K [0x00000001a5800000, 0x00000001ae580000, 0x00000005b7300000)
  object space 144896K, 57% used [0x00000001a5800000,0x00000001aa8cd838,0x00000001ae580000)
 Metaspace       used 10596K, capacity 10728K, committed 10880K, reserved 1058816K
  class space    used 1328K, capacity 1401K, committed 1408K, reserved 1048576K
}
Event: 50.068 GC heap before
{Heap before GC invocations=12 (full 1):
 PSYoungGen      total 396288K, used 370073K [0x00000005b7300000, 0x00000005d1c80000, 0x00000007c0000000)
  eden space 355328K, 100% used [0x00000005b7300000,0x00000005cce00000,0x00000005cce00000)
  from space 40960K, 35% used [0x00000005cf480000,0x00000005d02e65a0,0x00000005d1c80000)
  to   space 39424K, 0% used [0x00000005cce00000,0x00000005cce00000,0x00000005cf480000)
 ParOldGen       total 144896K, used 82742K [0x00000001a5800000, 0x00000001ae580000, 0x00000005b7300000)
  object space 144896K, 57% used [0x00000001a5800000,0x00000001aa8cd838,0x00000001ae580000)
 Metaspace       used 10634K, capacity 10792K, committed 10880K, reserved 1058816K
  class space    used 1334K, capacity 1401K, committed 1408K, reserved 1048576K
Event: 50.100 GC heap after
Heap after GC invocations=12 (full 1):
 PSYoungGen      total 394752K, used 9648K [0x00000005b7300000, 0x00000005daf80000, 0x00000007c0000000)
  eden space 355328K, 0% used [0x00000005b7300000,0x00000005b7300000,0x00000005cce00000)
  from space 39424K, 24% used [0x00000005cce00000,0x00000005cd76c168,0x00000005cf480000)
  to   space 38912K, 0% used [0x00000005d8980000,0x00000005d8980000,0x00000005daf80000)
 ParOldGen       total 144896K, used 96808K [0x00000001a5800000, 0x00000001ae580000, 0x00000005b7300000)
  object space 144896K, 66% used [0x00000001a5800000,0x00000001ab68a088,0x00000001ae580000)
 Metaspace       used 10634K, capacity 10792K, committed 10880K, reserved 1058816K
  class space    used 1334K, capacity 1401K, committed 1408K, reserved 1048576K
}
Event: 50.961 GC heap before
{Heap before GC invocations=13 (full 1):
 PSYoungGen      total 394752K, used 364976K [0x00000005b7300000, 0x00000005daf80000, 0x00000007c0000000)
  eden space 355328K, 100% used [0x00000005b7300000,0x00000005cce00000,0x00000005cce00000)
  from space 39424K, 24% used [0x00000005cce00000,0x00000005cd76c168,0x00000005cf480000)
  to   space 38912K, 0% used [0x00000005d8980000,0x00000005d8980000,0x00000005daf80000)
 ParOldGen       total 144896K, used 96808K [0x00000001a5800000, 0x00000001ae580000, 0x00000005b7300000)
  object space 144896K, 66% used [0x00000001a5800000,0x00000001ab68a088,0x00000001ae580000)
 Metaspace       used 10679K, capacity 10792K, committed 10880K, reserved 1058816K
  class space    used 1336K, capacity 1401K, committed 1408K, reserved 1048576K
Event: 50.985 GC heap after
Heap after GC invocations=13 (full 1):
 PSYoungGen      total 548352K, used 8528K [0x00000005b7300000, 0x00000005db880000, 0x00000007c0000000)
  eden space 509440K, 0% used [0x00000005b7300000,0x00000005b7300000,0x00000005d6480000)
  from space 38912K, 21% used [0x00000005d8980000,0x00000005d91d4060,0x00000005daf80000)
  to   space 37888K, 0% used [0x00000005d6480000,0x00000005d6480000,0x00000005d8980000)
 ParOldGen       total 144896K, used 105292K [0x00000001a5800000, 0x00000001ae580000, 0x00000005b7300000)
  object space 144896K, 72% used [0x00000001a5800000,0x00000001abed3260,0x00000001ae580000)
 Metaspace       used 10679K, capacity 10792K, committed 10880K, reserved 1058816K
  class space    used 1336K, capacity 1401K, committed 1408K, reserved 1048576K
}

