# JRE version: Java(TM) SE Runtime Environment (8.0_221-b11) (build 1.8.0_221-b11)
# Java VM: Java HotSpot(TM) 64-Bit Server VM (25.221-b11 mixed mode windows-amd64 compressed oops)
Heap:
 PSYoungGen      total 643072K, used 25255K [0x00000000d6980000, 0x00000000ffc00000, 0x0000000100000000)
  eden space 611840K, 1% used [0x00000000d6980000,0x00000000d7571e68,0x00000000fbf00000)
  from space 31232K, 41% used [0x00000000fdd80000,0x00000000fea38000,0x00000000ffc00000)
  to   space 31232K, 0% used [0x00000000fbf00000,0x00000000fbf00000,0x00000000fdd80000)
 ParOldGen       total 176640K, used 143404K [0x0000000083c00000, 0x000000008e880000, 0x00000000d6980000)
  object space 176640K, 81% used [0x0000000083c00000,0x000000008c80b288,0x000000008e880000)
 Metaspace       used 9343K, capacity 9942K, committed 10240K, reserved 1058816K
  class space    used 1160K, capacity 1168K, committed 1280K, reserved 1048576K
GC Heap History (10 events):
Event: 125.574 GC heap after
Heap after GC invocations=15 (full 1):
 PSYoungGen      total 636416K, used 13758K [0x00000000d6980000, 0x00000000ffa80000, 0x0000000100000000)
  eden space 600064K, 0% used [0x00000000d6980000,0x00000000d6980000,0x00000000fb380000)
  from space 36352K, 37% used [0x00000000fd700000,0x00000000fe46f958,0x00000000ffa80000)
  to   space 36352K, 0% used [0x00000000fb380000,0x00000000fb380000,0x00000000fd700000)
 ParOldGen       total 147968K, used 129230K [0x0000000083c00000, 0x000000008cc80000, 0x00000000d6980000)
  object space 147968K, 87% used [0x0000000083c00000,0x000000008ba33ad8,0x000000008cc80000)
 Metaspace       used 9224K, capacity 9814K, committed 9984K, reserved 1058816K
  class space    used 1160K, capacity 1168K, committed 1280K, reserved 1048576K
}
Event: 125.574 GC heap before
{Heap before GC invocations=16 (full 2):
 PSYoungGen      total 636416K, used 13758K [0x00000000d6980000, 0x00000000ffa80000, 0x0000000100000000)
  eden space 600064K, 0% used [0x00000000d6980000,0x00000000d6980000,0x00000000fb380000)
  from space 36352K, 37% used [0x00000000fd700000,0x00000000fe46f958,0x00000000ffa80000)
  to   space 36352K, 0% used [0x00000000fb380000,0x00000000fb380000,0x00000000fd700000)
 ParOldGen       total 147968K, used 129230K [0x0000000083c00000, 0x000000008cc80000, 0x00000000d6980000)
  object space 147968K, 87% used [0x0000000083c00000,0x000000008ba33ad8,0x000000008cc80000)
 Metaspace       used 9224K, capacity 9814K, committed 9984K, reserved 1058816K
  class space    used 1160K, capacity 1168K, committed 1280K, reserved 1048576K
Event: 126.123 GC heap after
Heap after GC invocations=16 (full 2):
 PSYoungGen      total 636416K, used 0K [0x00000000d6980000, 0x00000000ffa80000, 0x0000000100000000)
  eden space 600064K, 0% used [0x00000000d6980000,0x00000000d6980000,0x00000000fb380000)
  from space 36352K, 0% used [0x00000000fd700000,0x00000000fd700000,0x00000000ffa80000)
  to   space 36352K, 0% used [0x00000000fb380000,0x00000000fb380000,0x00000000fd700000)
 ParOldGen       total 176640K, used 103776K [0x0000000083c00000, 0x000000008e880000, 0x00000000d6980000)
  object space 176640K, 58% used [0x0000000083c00000,0x000000008a158118,0x000000008e880000)
 Metaspace       used 9224K, capacity 9814K, committed 9984K, reserved 1058816K
  class space    used 1160K, capacity 1168K, committed 1280K, reserved 1048576K
}
Event: 127.664 GC heap before
{Heap before GC invocations=17 (full 2):
 PSYoungGen      total 636416K, used 600064K [0x00000000d6980000, 0x00000000ffa80000, 0x0000000100000000)
  eden space 600064K, 100% used [0x00000000d6980000,0x00000000fb380000,0x00000000fb380000)
  from space 36352K, 0% used [0x00000000fd700000,0x00000000fd700000,0x00000000ffa80000)
  to   space 36352K, 0% used [0x00000000fb380000,0x00000000fb380000,0x00000000fd700000)
 ParOldGen       total 176640K, used 103776K [0x0000000083c00000, 0x000000008e880000, 0x00000000d6980000)
  object space 176640K, 58% used [0x0000000083c00000,0x000000008a158118,0x000000008e880000)
 Metaspace       used 9230K, capacity 9814K, committed 9984K, reserved 1058816K
  class space    used 1160K, capacity 1168K, committed 1280K, reserved 1048576K
Event: 127.683 GC heap after
Heap after GC invocations=17 (full 2):
 PSYoungGen      total 636416K, used 14496K [0x00000000d6980000, 0x00000000ffc00000, 0x0000000100000000)
  eden space 600064K, 0% used [0x00000000d6980000,0x00000000d6980000,0x00000000fb380000)
  from space 36352K, 39% used [0x00000000fb380000,0x00000000fc1a8020,0x00000000fd700000)
  to   space 34304K, 0% used [0x00000000fda80000,0x00000000fda80000,0x00000000ffc00000)
 ParOldGen       total 176640K, used 103776K [0x0000000083c00000, 0x000000008e880000, 0x00000000d6980000)
  object space 176640K, 58% used [0x0000000083c00000,0x000000008a158118,0x000000008e880000)
 Metaspace       used 9230K, capacity 9814K, committed 9984K, reserved 1058816K
  class space    used 1160K, capacity 1168K, committed 1280K, reserved 1048576K
}
Event: 129.551 GC heap before
{Heap before GC invocations=18 (full 2):
 PSYoungGen      total 636416K, used 614560K [0x00000000d6980000, 0x00000000ffc00000, 0x0000000100000000)
  eden space 600064K, 100% used [0x00000000d6980000,0x00000000fb380000,0x00000000fb380000)
  from space 36352K, 39% used [0x00000000fb380000,0x00000000fc1a8020,0x00000000fd700000)
  to   space 34304K, 0% used [0x00000000fda80000,0x00000000fda80000,0x00000000ffc00000)
 ParOldGen       total 176640K, used 103776K [0x0000000083c00000, 0x000000008e880000, 0x00000000d6980000)
  object space 176640K, 58% used [0x0000000083c00000,0x000000008a158118,0x000000008e880000)
 Metaspace       used 9268K, capacity 9878K, committed 10240K, reserved 1058816K
  class space    used 1160K, capacity 1168K, committed 1280K, reserved 1048576K
Event: 129.594 GC heap after
Heap after GC invocations=18 (full 2):
 PSYoungGen      total 640512K, used 8496K [0x00000000d6980000, 0x00000000ffd00000, 0x0000000100000000)
  eden space 606208K, 0% used [0x00000000d6980000,0x00000000d6980000,0x00000000fb980000)
  from space 34304K, 24% used [0x00000000fda80000,0x00000000fe2cc020,0x00000000ffc00000)
  to   space 33792K, 0% used [0x00000000fb980000,0x00000000fb980000,0x00000000fda80000)
 ParOldGen       total 176640K, used 118232K [0x0000000083c00000, 0x000000008e880000, 0x00000000d6980000)
  object space 176640K, 66% used [0x0000000083c00000,0x000000008af76138,0x000000008e880000)
 Metaspace       used 9268K, capacity 9878K, committed 10240K, reserved 1058816K
  class space    used 1160K, capacity 1168K, committed 1280K, reserved 1048576K
}
Event: 131.835 GC heap before
{Heap before GC invocations=19 (full 2):
 PSYoungGen      total 640512K, used 614704K [0x00000000d6980000, 0x00000000ffd00000, 0x0000000100000000)
  eden space 606208K, 100% used [0x00000000d6980000,0x00000000fb980000,0x00000000fb980000)
  from space 34304K, 24% used [0x00000000fda80000,0x00000000fe2cc020,0x00000000ffc00000)
  to   space 33792K, 0% used [0x00000000fb980000,0x00000000fb980000,0x00000000fda80000)
 ParOldGen       total 176640K, used 118232K [0x0000000083c00000, 0x000000008e880000, 0x00000000d6980000)
  object space 176640K, 66% used [0x0000000083c00000,0x000000008af76138,0x000000008e880000)
 Metaspace       used 9336K, capacity 9942K, committed 10240K, reserved 1058816K
  class space    used 1160K, capacity 1168K, committed 1280K, reserved 1048576K
Event: 131.880 GC heap after
Heap after GC invocations=19 (full 2):
 PSYoungGen      total 640000K, used 16720K [0x00000000d6980000, 0x00000000ffd80000, 0x0000000100000000)
  eden space 606208K, 0% used [0x00000000d6980000,0x00000000d6980000,0x00000000fb980000)
  from space 33792K, 49% used [0x00000000fb980000,0x00000000fc9d40d0,0x00000000fda80000)
  to   space 32768K, 0% used [0x00000000fdd80000,0x00000000fdd80000,0x00000000ffd80000)
 ParOldGen       total 176640K, used 126644K [0x0000000083c00000, 0x000000008e880000, 0x00000000d6980000)
  object space 176640K, 71% used [0x0000000083c00000,0x000000008b7ad178,0x000000008e880000)
 Metaspace       used 9336K, capacity 9942K, committed 10240K, reserved 1058816K
  class space    used 1160K, capacity 1168K, committed 1280K, reserved 1048576K
}
Event: 133.093 GC heap before
{Heap before GC invocations=20 (full 2):
 PSYoungGen      total 640000K, used 622928K [0x00000000d6980000, 0x00000000ffd80000, 0x0000000100000000)
  eden space 606208K, 100% used [0x00000000d6980000,0x00000000fb980000,0x00000000fb980000)
  from space 33792K, 49% used [0x00000000fb980000,0x00000000fc9d40d0,0x00000000fda80000)
  to   space 32768K, 0% used [0x00000000fdd80000,0x00000000fdd80000,0x00000000ffd80000)
 ParOldGen       total 176640K, used 126644K [0x0000000083c00000, 0x000000008e880000, 0x00000000d6980000)
  object space 176640K, 71% used [0x0000000083c00000,0x000000008b7ad178,0x000000008e880000)
 Metaspace       used 9343K, capacity 9942K, committed 10240K, reserved 1058816K
  class space    used 1160K, capacity 1168K, committed 1280K, reserved 1048576K

