# JRE version: Java(TM) SE Runtime Environment (8.0_241-b07) (build 1.8.0_241-b07)
# Java VM: Java HotSpot(TM) 64-Bit Server VM (25.241-b07 mixed mode windows-amd64 )
Heap:
 PSYoungGen      total 717312K, used 67648K [0x00000011c6d00000, 0x00000011f6280000, 0x00000019ea200000)
  eden space 661504K, 1% used [0x00000011c6d00000,0x00000011c79ea750,0x00000011ef300000)
  from space 55808K, 97% used [0x00000011f2780000,0x00000011f5ca5ca0,0x00000011f5e00000)
  to   space 53760K, 0% used [0x00000011ef300000,0x00000011ef300000,0x00000011f2780000)
 ParOldGen       total 233984K, used 134042K [0x0000000180200000, 0x000000018e680000, 0x00000011c6d00000)
  object space 233984K, 57% used [0x0000000180200000,0x00000001884e68f8,0x000000018e680000)
 Metaspace       used 10572K, capacity 10871K, committed 11008K, reserved 12288K
GC Heap History (10 events):
Event: 49.032 GC heap after
Heap after GC invocations=16 (full 2):
 PSYoungGen      total 604160K, used 16704K [0x00000011c6d00000, 0x00000011ef380000, 0x00000019ea200000)
  eden space 551936K, 0% used [0x00000011c6d00000,0x00000011c6d00000,0x00000011e8800000)
  from space 52224K, 31% used [0x00000011ebd80000,0x00000011ecdd0060,0x00000011ef080000)
  to   space 54784K, 0% used [0x00000011e8800000,0x00000011e8800000,0x00000011ebd80000)
 ParOldGen       total 210944K, used 181550K [0x0000000180200000, 0x000000018d000000, 0x00000011c6d00000)
  object space 210944K, 86% used [0x0000000180200000,0x000000018b34b868,0x000000018d000000)
 Metaspace       used 10518K, capacity 10807K, committed 11008K, reserved 12288K
}
Event: 49.032 GC heap before
{Heap before GC invocations=17 (full 3):
 PSYoungGen      total 604160K, used 16704K [0x00000011c6d00000, 0x00000011ef380000, 0x00000019ea200000)
  eden space 551936K, 0% used [0x00000011c6d00000,0x00000011c6d00000,0x00000011e8800000)
  from space 52224K, 31% used [0x00000011ebd80000,0x00000011ecdd0060,0x00000011ef080000)
  to   space 54784K, 0% used [0x00000011e8800000,0x00000011e8800000,0x00000011ebd80000)
 ParOldGen       total 210944K, used 181550K [0x0000000180200000, 0x000000018d000000, 0x00000011c6d00000)
  object space 210944K, 86% used [0x0000000180200000,0x000000018b34b868,0x000000018d000000)
 Metaspace       used 10518K, capacity 10807K, committed 11008K, reserved 12288K
Event: 49.416 GC heap after
Heap after GC invocations=17 (full 3):
 PSYoungGen      total 604160K, used 0K [0x00000011c6d00000, 0x00000011ef380000, 0x00000019ea200000)
  eden space 551936K, 0% used [0x00000011c6d00000,0x00000011c6d00000,0x00000011e8800000)
  from space 52224K, 0% used [0x00000011ebd80000,0x00000011ebd80000,0x00000011ef080000)
  to   space 54784K, 0% used [0x00000011e8800000,0x00000011e8800000,0x00000011ebd80000)
 ParOldGen       total 233984K, used 134042K [0x0000000180200000, 0x000000018e680000, 0x00000011c6d00000)
  object space 233984K, 57% used [0x0000000180200000,0x00000001884e68f8,0x000000018e680000)
 Metaspace       used 10518K, capacity 10807K, committed 11008K, reserved 12288K
}
Event: 50.017 GC heap before
{Heap before GC invocations=18 (full 3):
 PSYoungGen      total 604160K, used 551936K [0x00000011c6d00000, 0x00000011ef380000, 0x00000019ea200000)
  eden space 551936K, 100% used [0x00000011c6d00000,0x00000011e8800000,0x00000011e8800000)
  from space 52224K, 0% used [0x00000011ebd80000,0x00000011ebd80000,0x00000011ef080000)
  to   space 54784K, 0% used [0x00000011e8800000,0x00000011e8800000,0x00000011ebd80000)
 ParOldGen       total 233984K, used 134042K [0x0000000180200000, 0x000000018e680000, 0x00000011c6d00000)
  object space 233984K, 57% used [0x0000000180200000,0x00000001884e68f8,0x000000018e680000)
 Metaspace       used 10541K, capacity 10807K, committed 11008K, reserved 12288K
Event: 50.030 GC heap after
Heap after GC invocations=18 (full 3):
 PSYoungGen      total 606720K, used 14357K [0x00000011c6d00000, 0x00000011f5e00000, 0x00000019ea200000)
  eden space 551936K, 0% used [0x00000011c6d00000,0x00000011c6d00000,0x00000011e8800000)
  from space 54784K, 26% used [0x00000011e8800000,0x00000011e9605768,0x00000011ebd80000)
  to   space 55808K, 0% used [0x00000011f2780000,0x00000011f2780000,0x00000011f5e00000)
 ParOldGen       total 233984K, used 134042K [0x0000000180200000, 0x000000018e680000, 0x00000011c6d00000)
  object space 233984K, 57% used [0x0000000180200000,0x00000001884e68f8,0x000000018e680000)
 Metaspace       used 10541K, capacity 10807K, committed 11008K, reserved 12288K
}
Event: 50.564 GC heap before
{Heap before GC invocations=19 (full 3):
 PSYoungGen      total 606720K, used 566293K [0x00000011c6d00000, 0x00000011f5e00000, 0x00000019ea200000)
  eden space 551936K, 100% used [0x00000011c6d00000,0x00000011e8800000,0x00000011e8800000)
  from space 54784K, 26% used [0x00000011e8800000,0x00000011e9605768,0x00000011ebd80000)
  to   space 55808K, 0% used [0x00000011f2780000,0x00000011f2780000,0x00000011f5e00000)
 ParOldGen       total 233984K, used 134042K [0x0000000180200000, 0x000000018e680000, 0x00000011c6d00000)
  object space 233984K, 57% used [0x0000000180200000,0x00000001884e68f8,0x000000018e680000)
 Metaspace       used 10556K, capacity 10871K, committed 11008K, reserved 12288K
Event: 50.592 GC heap after
Heap after GC invocations=19 (full 3):
 PSYoungGen      total 717312K, used 26807K [0x00000011c6d00000, 0x00000011f6280000, 0x00000019ea200000)
  eden space 661504K, 0% used [0x00000011c6d00000,0x00000011c6d00000,0x00000011ef300000)
  from space 55808K, 48% used [0x00000011f2780000,0x00000011f41adc58,0x00000011f5e00000)
  to   space 53760K, 0% used [0x00000011ef300000,0x00000011ef300000,0x00000011f2780000)
 ParOldGen       total 233984K, used 134042K [0x0000000180200000, 0x000000018e680000, 0x00000011c6d00000)
  object space 233984K, 57% used [0x0000000180200000,0x00000001884e68f8,0x000000018e680000)
 Metaspace       used 10556K, capacity 10871K, committed 11008K, reserved 12288K
}
Event: 51.264 GC heap before
{Heap before GC invocations=20 (full 3):
 PSYoungGen      total 717312K, used 688311K [0x00000011c6d00000, 0x00000011f6280000, 0x00000019ea200000)
  eden space 661504K, 100% used [0x00000011c6d00000,0x00000011ef300000,0x00000011ef300000)
  from space 55808K, 48% used [0x00000011f2780000,0x00000011f41adc58,0x00000011f5e00000)
  to   space 53760K, 0% used [0x00000011ef300000,0x00000011ef300000,0x00000011f2780000)
 ParOldGen       total 233984K, used 134042K [0x0000000180200000, 0x000000018e680000, 0x00000011c6d00000)
  object space 233984K, 57% used [0x0000000180200000,0x00000001884e68f8,0x000000018e680000)
 Metaspace       used 10567K, capacity 10871K, committed 11008K, reserved 12288K
Event: 51.309 GC heap after
Heap after GC invocations=20 (full 3):
 PSYoungGen      total 715264K, used 39191K [0x00000011c6d00000, 0x00000011f6280000, 0x00000019ea200000)
  eden space 661504K, 0% used [0x00000011c6d00000,0x00000011c6d00000,0x00000011ef300000)
  from space 53760K, 72% used [0x00000011ef300000,0x00000011f1945c70,0x00000011f2780000)
  to   space 55808K, 0% used [0x00000011f2780000,0x00000011f2780000,0x00000011f5e00000)
 ParOldGen       total 233984K, used 134042K [0x0000000180200000, 0x000000018e680000, 0x00000011c6d00000)
  object space 233984K, 57% used [0x0000000180200000,0x00000001884e68f8,0x000000018e680000)
 Metaspace       used 10567K, capacity 10871K, committed 11008K, reserved 12288K
}
Event: 51.947 GC heap before
{Heap before GC invocations=21 (full 3):
 PSYoungGen      total 715264K, used 700695K [0x00000011c6d00000, 0x00000011f6280000, 0x00000019ea200000)
  eden space 661504K, 100% used [0x00000011c6d00000,0x00000011ef300000,0x00000011ef300000)
  from space 53760K, 72% used [0x00000011ef300000,0x00000011f1945c70,0x00000011f2780000)
  to   space 55808K, 0% used [0x00000011f2780000,0x00000011f2780000,0x00000011f5e00000)
 ParOldGen       total 233984K, used 134042K [0x0000000180200000, 0x000000018e680000, 0x00000011c6d00000)
  object space 233984K, 57% used [0x0000000180200000,0x00000001884e68f8,0x000000018e680000)
 Metaspace       used 10572K, capacity 10871K, committed 11008K, reserved 12288K

