# JRE version: Java(TM) SE Runtime Environment (8.0_241-b07) (build 1.8.0_241-b07)
# Java VM: Java HotSpot(TM) 64-Bit Server VM (25.241-b07 mixed mode windows-amd64 compressed oops)
Heap:
 PSYoungGen      total 791552K, used 110122K [0x00000005b7300000, 0x00000005f4400000, 0x00000007c0000000)
  eden space 755712K, 11% used [0x00000005b7300000,0x00000005bcb6a330,0x00000005e5500000)
  from space 35840K, 54% used [0x00000005e5500000,0x00000005e6820528,0x00000005e7800000)
  to   space 33792K, 0% used [0x00000005f2300000,0x00000005f2300000,0x00000005f4400000)
 ParOldGen       total 190976K, used 146804K [0x00000001a5800000, 0x00000001b1280000, 0x00000005b7300000)
  object space 190976K, 76% used [0x00000001a5800000,0x00000001ae75d058,0x00000001b1280000)
 Metaspace       used 10779K, capacity 10916K, committed 11136K, reserved 1058816K
  class space    used 1348K, capacity 1401K, committed 1408K, reserved 1048576K
GC Heap History (10 events):
Event: 49.049 GC heap before
{Heap before GC invocations=15 (full 1):
 PSYoungGen      total 549888K, used 524768K [0x00000005b7300000, 0x00000005e9c80000, 0x00000007c0000000)
  eden space 510976K, 100% used [0x00000005b7300000,0x00000005d6600000,0x00000005d6600000)
  from space 38912K, 35% used [0x00000005d6600000,0x00000005d7378030,0x00000005d8c00000)
  to   space 37376K, 0% used [0x00000005e7800000,0x00000005e7800000,0x00000005e9c80000)
 ParOldGen       total 150528K, used 122559K [0x00000001a5800000, 0x00000001aeb00000, 0x00000005b7300000)
  object space 150528K, 81% used [0x00000001a5800000,0x00000001acfafec8,0x00000001aeb00000)
 Metaspace       used 10573K, capacity 10724K, committed 10880K, reserved 1058816K
  class space    used 1335K, capacity 1401K, committed 1408K, reserved 1048576K
Event: 49.086 GC heap after
Heap after GC invocations=15 (full 1):
 PSYoungGen      total 793088K, used 12192K [0x00000005b7300000, 0x00000005ea280000, 0x00000007c0000000)
  eden space 755712K, 0% used [0x00000005b7300000,0x00000005b7300000,0x00000005e5500000)
  from space 37376K, 32% used [0x00000005e7800000,0x00000005e83e82c0,0x00000005e9c80000)
  to   space 35840K, 0% used [0x00000005e5500000,0x00000005e5500000,0x00000005e7800000)
 ParOldGen       total 150528K, used 136350K [0x00000001a5800000, 0x00000001aeb00000, 0x00000005b7300000)
  object space 150528K, 90% used [0x00000001a5800000,0x00000001add27ab8,0x00000001aeb00000)
 Metaspace       used 10573K, capacity 10724K, committed 10880K, reserved 1058816K
  class space    used 1335K, capacity 1401K, committed 1408K, reserved 1048576K
}
Event: 49.086 GC heap before
{Heap before GC invocations=16 (full 2):
 PSYoungGen      total 793088K, used 12192K [0x00000005b7300000, 0x00000005ea280000, 0x00000007c0000000)
  eden space 755712K, 0% used [0x00000005b7300000,0x00000005b7300000,0x00000005e5500000)
  from space 37376K, 32% used [0x00000005e7800000,0x00000005e83e82c0,0x00000005e9c80000)
  to   space 35840K, 0% used [0x00000005e5500000,0x00000005e5500000,0x00000005e7800000)
 ParOldGen       total 150528K, used 136350K [0x00000001a5800000, 0x00000001aeb00000, 0x00000005b7300000)
  object space 150528K, 90% used [0x00000001a5800000,0x00000001add27ab8,0x00000001aeb00000)
 Metaspace       used 10573K, capacity 10724K, committed 10880K, reserved 1058816K
  class space    used 1335K, capacity 1401K, committed 1408K, reserved 1048576K
Event: 49.392 GC heap after
Heap after GC invocations=16 (full 2):
 PSYoungGen      total 793088K, used 0K [0x00000005b7300000, 0x00000005ea280000, 0x00000007c0000000)
  eden space 755712K, 0% used [0x00000005b7300000,0x00000005b7300000,0x00000005e5500000)
  from space 37376K, 0% used [0x00000005e7800000,0x00000005e7800000,0x00000005e9c80000)
  to   space 35840K, 0% used [0x00000005e5500000,0x00000005e5500000,0x00000005e7800000)
 ParOldGen       total 190976K, used 109111K [0x00000001a5800000, 0x00000001b1280000, 0x00000005b7300000)
  object space 190976K, 57% used [0x00000001a5800000,0x00000001ac28df68,0x00000001b1280000)
 Metaspace       used 10573K, capacity 10724K, committed 10880K, reserved 1058816K
  class space    used 1335K, capacity 1401K, committed 1408K, reserved 1048576K
}
Event: 50.870 GC heap before
{Heap before GC invocations=17 (full 2):
 PSYoungGen      total 793088K, used 755712K [0x00000005b7300000, 0x00000005ea280000, 0x00000007c0000000)
  eden space 755712K, 100% used [0x00000005b7300000,0x00000005e5500000,0x00000005e5500000)
  from space 37376K, 0% used [0x00000005e7800000,0x00000005e7800000,0x00000005e9c80000)
  to   space 35840K, 0% used [0x00000005e5500000,0x00000005e5500000,0x00000005e7800000)
 ParOldGen       total 190976K, used 109111K [0x00000001a5800000, 0x00000001b1280000, 0x00000005b7300000)
  object space 190976K, 57% used [0x00000001a5800000,0x00000001ac28df68,0x00000001b1280000)
 Metaspace       used 10586K, capacity 10724K, committed 10880K, reserved 1058816K
  class space    used 1335K, capacity 1401K, committed 1408K, reserved 1048576K
Event: 50.891 GC heap after
Heap after GC invocations=17 (full 2):
 PSYoungGen      total 791552K, used 16192K [0x00000005b7300000, 0x00000005ea280000, 0x00000007c0000000)
  eden space 755712K, 0% used [0x00000005b7300000,0x00000005b7300000,0x00000005e5500000)
  from space 35840K, 45% used [0x00000005e5500000,0x00000005e64d0030,0x00000005e7800000)
  to   space 37376K, 0% used [0x00000005e7800000,0x00000005e7800000,0x00000005e9c80000)
 ParOldGen       total 190976K, used 109119K [0x00000001a5800000, 0x00000001b1280000, 0x00000005b7300000)
  object space 190976K, 57% used [0x00000001a5800000,0x00000001ac28ff68,0x00000001b1280000)
 Metaspace       used 10586K, capacity 10724K, committed 10880K, reserved 1058816K
  class space    used 1335K, capacity 1401K, committed 1408K, reserved 1048576K
}
Event: 52.273 GC heap before
{Heap before GC invocations=18 (full 2):
 PSYoungGen      total 791552K, used 771904K [0x00000005b7300000, 0x00000005ea280000, 0x00000007c0000000)
  eden space 755712K, 100% used [0x00000005b7300000,0x00000005e5500000,0x00000005e5500000)
  from space 35840K, 45% used [0x00000005e5500000,0x00000005e64d0030,0x00000005e7800000)
  to   space 37376K, 0% used [0x00000005e7800000,0x00000005e7800000,0x00000005e9c80000)
 ParOldGen       total 190976K, used 109119K [0x00000001a5800000, 0x00000001b1280000, 0x00000005b7300000)
  object space 190976K, 57% used [0x00000001a5800000,0x00000001ac28ff68,0x00000001b1280000)
 Metaspace       used 10717K, capacity 10852K, committed 11136K, reserved 1058816K
  class space    used 1343K, capacity 1401K, committed 1408K, reserved 1048576K
Event: 52.314 GC heap after
Heap after GC invocations=18 (full 2):
 PSYoungGen      total 793088K, used 21728K [0x00000005b7300000, 0x00000005ea280000, 0x00000007c0000000)
  eden space 755712K, 0% used [0x00000005b7300000,0x00000005b7300000,0x00000005e5500000)
  from space 37376K, 58% used [0x00000005e7800000,0x00000005e8d38070,0x00000005e9c80000)
  to   space 35840K, 0% used [0x00000005e5500000,0x00000005e5500000,0x00000005e7800000)
 ParOldGen       total 190976K, used 125287K [0x00000001a5800000, 0x00000001b1280000, 0x00000005b7300000)
  object space 190976K, 65% used [0x00000001a5800000,0x00000001ad259f98,0x00000001b1280000)
 Metaspace       used 10717K, capacity 10852K, committed 11136K, reserved 1058816K
  class space    used 1343K, capacity 1401K, committed 1408K, reserved 1048576K
}
Event: 53.457 GC heap before
{Heap before GC invocations=19 (full 2):
 PSYoungGen      total 793088K, used 777440K [0x00000005b7300000, 0x00000005ea280000, 0x00000007c0000000)
  eden space 755712K, 100% used [0x00000005b7300000,0x00000005e5500000,0x00000005e5500000)
  from space 37376K, 58% used [0x00000005e7800000,0x00000005e8d38070,0x00000005e9c80000)
  to   space 35840K, 0% used [0x00000005e5500000,0x00000005e5500000,0x00000005e7800000)
 ParOldGen       total 190976K, used 125287K [0x00000001a5800000, 0x00000001b1280000, 0x00000005b7300000)
  object space 190976K, 65% used [0x00000001a5800000,0x00000001ad259f98,0x00000001b1280000)
 Metaspace       used 10779K, capacity 10916K, committed 11136K, reserved 1058816K
  class space    used 1348K, capacity 1401K, committed 1408K, reserved 1048576K
Event: 53.503 GC heap after
Heap after GC invocations=19 (full 2):
 PSYoungGen      total 791552K, used 19585K [0x00000005b7300000, 0x00000005f4400000, 0x00000007c0000000)
  eden space 755712K, 0% used [0x00000005b7300000,0x00000005b7300000,0x00000005e5500000)
  from space 35840K, 54% used [0x00000005e5500000,0x00000005e6820528,0x00000005e7800000)
  to   space 33792K, 0% used [0x00000005f2300000,0x00000005f2300000,0x00000005f4400000)
 ParOldGen       total 190976K, used 146804K [0x00000001a5800000, 0x00000001b1280000, 0x00000005b7300000)
  object space 190976K, 76% used [0x00000001a5800000,0x00000001ae75d058,0x00000001b1280000)
 Metaspace       used 10779K, capacity 10916K, committed 11136K, reserved 1058816K
  class space    used 1348K, capacity 1401K, committed 1408K, reserved 1048576K
}

