# JRE version: Java(TM) SE Runtime Environment (8.0_241-b07) (build 1.8.0_241-b07)
# Java VM: Java HotSpot(TM) 64-Bit Server VM (25.241-b07 mixed mode windows-amd64 compressed oops)
Heap:
 PSYoungGen      total 276992K, used 156261K [0x000000078bf00000, 0x00000007a1200000, 0x00000007c0000000)
  eden space 246784K, 57% used [0x000000078bf00000,0x0000000794a24f30,0x000000079b000000)
  from space 30208K, 45% used [0x000000079da80000,0x000000079e7f4528,0x000000079f800000)
  to   space 43520K, 0% used [0x000000079b000000,0x000000079b000000,0x000000079da80000)
 ParOldGen       total 150528K, used 91477K [0x0000000723c00000, 0x000000072cf00000, 0x000000078bf00000)
  object space 150528K, 60% used [0x0000000723c00000,0x00000007295556a0,0x000000072cf00000)
 Metaspace       used 10486K, capacity 10660K, committed 10880K, reserved 1058816K
  class space    used 1329K, capacity 1401K, committed 1408K, reserved 1048576K
GC Heap History (10 events):
Event: 24.074 GC heap before
{Heap before GC invocations=7 (full 0):
 PSYoungGen      total 148480K, used 145205K [0x000000078bf00000, 0x0000000796500000, 0x00000007c0000000)
  eden space 130048K, 100% used [0x000000078bf00000,0x0000000793e00000,0x0000000793e00000)
  from space 18432K, 82% used [0x0000000795100000,0x0000000795fcd670,0x0000000796300000)
  to   space 19456K, 0% used [0x0000000793e00000,0x0000000793e00000,0x0000000795100000)
 ParOldGen       total 86016K, used 32390K [0x0000000723c00000, 0x0000000729000000, 0x000000078bf00000)
  object space 86016K, 37% used [0x0000000723c00000,0x0000000725ba1800,0x0000000729000000)
 Metaspace       used 8152K, capacity 8322K, committed 8576K, reserved 1056768K
  class space    used 999K, capacity 1049K, committed 1152K, reserved 1048576K
Event: 24.101 GC heap after
Heap after GC invocations=7 (full 0):
 PSYoungGen      total 149504K, used 19452K [0x000000078bf00000, 0x000000079f800000, 0x00000007c0000000)
  eden space 130048K, 0% used [0x000000078bf00000,0x000000078bf00000,0x0000000793e00000)
  from space 19456K, 99% used [0x0000000793e00000,0x00000007950ff120,0x0000000795100000)
  to   space 30208K, 0% used [0x000000079da80000,0x000000079da80000,0x000000079f800000)
 ParOldGen       total 86016K, used 48587K [0x0000000723c00000, 0x0000000729000000, 0x000000078bf00000)
  object space 86016K, 56% used [0x0000000723c00000,0x0000000726b72ef0,0x0000000729000000)
 Metaspace       used 8152K, capacity 8322K, committed 8576K, reserved 1056768K
  class space    used 999K, capacity 1049K, committed 1152K, reserved 1048576K
}
Event: 39.967 GC heap before
{Heap before GC invocations=8 (full 0):
 PSYoungGen      total 149504K, used 149500K [0x000000078bf00000, 0x000000079f800000, 0x00000007c0000000)
  eden space 130048K, 100% used [0x000000078bf00000,0x0000000793e00000,0x0000000793e00000)
  from space 19456K, 99% used [0x0000000793e00000,0x00000007950ff120,0x0000000795100000)
  to   space 30208K, 0% used [0x000000079da80000,0x000000079da80000,0x000000079f800000)
 ParOldGen       total 86016K, used 48587K [0x0000000723c00000, 0x0000000729000000, 0x000000078bf00000)
  object space 86016K, 56% used [0x0000000723c00000,0x0000000726b72ef0,0x0000000729000000)
 Metaspace       used 8157K, capacity 8322K, committed 8576K, reserved 1056768K
  class space    used 999K, capacity 1049K, committed 1152K, reserved 1048576K
Event: 40.007 GC heap after
Heap after GC invocations=8 (full 0):
 PSYoungGen      total 276992K, used 30177K [0x000000078bf00000, 0x00000007a1200000, 0x00000007c0000000)
  eden space 246784K, 0% used [0x000000078bf00000,0x000000078bf00000,0x000000079b000000)
  from space 30208K, 99% used [0x000000079da80000,0x000000079f7f8640,0x000000079f800000)
  to   space 43520K, 0% used [0x000000079b000000,0x000000079b000000,0x000000079da80000)
 ParOldGen       total 86016K, used 68361K [0x0000000723c00000, 0x0000000729000000, 0x000000078bf00000)
  object space 86016K, 79% used [0x0000000723c00000,0x0000000727ec2550,0x0000000729000000)
 Metaspace       used 8157K, capacity 8322K, committed 8576K, reserved 1056768K
  class space    used 999K, capacity 1049K, committed 1152K, reserved 1048576K
}
Event: 40.007 GC heap before
{Heap before GC invocations=9 (full 1):
 PSYoungGen      total 276992K, used 30177K [0x000000078bf00000, 0x00000007a1200000, 0x00000007c0000000)
  eden space 246784K, 0% used [0x000000078bf00000,0x000000078bf00000,0x000000079b000000)
  from space 30208K, 99% used [0x000000079da80000,0x000000079f7f8640,0x000000079f800000)
  to   space 43520K, 0% used [0x000000079b000000,0x000000079b000000,0x000000079da80000)
 ParOldGen       total 86016K, used 68361K [0x0000000723c00000, 0x0000000729000000, 0x000000078bf00000)
  object space 86016K, 79% used [0x0000000723c00000,0x0000000727ec2550,0x0000000729000000)
 Metaspace       used 8157K, capacity 8322K, committed 8576K, reserved 1056768K
  class space    used 999K, capacity 1049K, committed 1152K, reserved 1048576K
Event: 40.245 GC heap after
Heap after GC invocations=9 (full 1):
 PSYoungGen      total 276992K, used 5585K [0x000000078bf00000, 0x00000007a1200000, 0x00000007c0000000)
  eden space 246784K, 0% used [0x000000078bf00000,0x000000078bf00000,0x000000079b000000)
  from space 30208K, 18% used [0x000000079da80000,0x000000079dff45e8,0x000000079f800000)
  to   space 43520K, 0% used [0x000000079b000000,0x000000079b000000,0x000000079da80000)
 ParOldGen       total 150528K, used 85877K [0x0000000723c00000, 0x000000072cf00000, 0x000000078bf00000)
  object space 150528K, 57% used [0x0000000723c00000,0x0000000728fdd418,0x000000072cf00000)
 Metaspace       used 8157K, capacity 8322K, committed 8576K, reserved 1056768K
  class space    used 999K, capacity 1049K, committed 1152K, reserved 1048576K
}
Event: 43.374 GC heap before
{Heap before GC invocations=10 (full 1):
 PSYoungGen      total 276992K, used 252369K [0x000000078bf00000, 0x00000007a1200000, 0x00000007c0000000)
  eden space 246784K, 100% used [0x000000078bf00000,0x000000079b000000,0x000000079b000000)
  from space 30208K, 18% used [0x000000079da80000,0x000000079dff45e8,0x000000079f800000)
  to   space 43520K, 0% used [0x000000079b000000,0x000000079b000000,0x000000079da80000)
 ParOldGen       total 150528K, used 85877K [0x0000000723c00000, 0x000000072cf00000, 0x000000078bf00000)
  object space 150528K, 57% used [0x0000000723c00000,0x0000000728fdd418,0x000000072cf00000)
 Metaspace       used 10450K, capacity 10596K, committed 10880K, reserved 1058816K
  class space    used 1328K, capacity 1401K, committed 1408K, reserved 1048576K
Event: 43.398 GC heap after
Heap after GC invocations=10 (full 1):
 PSYoungGen      total 290304K, used 15288K [0x000000078bf00000, 0x00000007a1200000, 0x00000007c0000000)
  eden space 246784K, 0% used [0x000000078bf00000,0x000000078bf00000,0x000000079b000000)
  from space 43520K, 35% used [0x000000079b000000,0x000000079beee148,0x000000079da80000)
  to   space 30208K, 0% used [0x000000079da80000,0x000000079da80000,0x000000079f800000)
 ParOldGen       total 150528K, used 86061K [0x0000000723c00000, 0x000000072cf00000, 0x000000078bf00000)
  object space 150528K, 57% used [0x0000000723c00000,0x000000072900b418,0x000000072cf00000)
 Metaspace       used 10450K, capacity 10596K, committed 10880K, reserved 1058816K
  class space    used 1328K, capacity 1401K, committed 1408K, reserved 1048576K
}
Event: 44.059 GC heap before
{Heap before GC invocations=11 (full 1):
 PSYoungGen      total 290304K, used 262072K [0x000000078bf00000, 0x00000007a1200000, 0x00000007c0000000)
  eden space 246784K, 100% used [0x000000078bf00000,0x000000079b000000,0x000000079b000000)
  from space 43520K, 35% used [0x000000079b000000,0x000000079beee148,0x000000079da80000)
  to   space 30208K, 0% used [0x000000079da80000,0x000000079da80000,0x000000079f800000)
 ParOldGen       total 150528K, used 86061K [0x0000000723c00000, 0x000000072cf00000, 0x000000078bf00000)
  object space 150528K, 57% used [0x0000000723c00000,0x000000072900b418,0x000000072cf00000)
 Metaspace       used 10479K, capacity 10660K, committed 10880K, reserved 1058816K
  class space    used 1328K, capacity 1401K, committed 1408K, reserved 1048576K
Event: 44.089 GC heap after
Heap after GC invocations=11 (full 1):
 PSYoungGen      total 276992K, used 13777K [0x000000078bf00000, 0x00000007a1200000, 0x00000007c0000000)
  eden space 246784K, 0% used [0x000000078bf00000,0x000000078bf00000,0x000000079b000000)
  from space 30208K, 45% used [0x000000079da80000,0x000000079e7f4528,0x000000079f800000)
  to   space 43520K, 0% used [0x000000079b000000,0x000000079b000000,0x000000079da80000)
 ParOldGen       total 150528K, used 91477K [0x0000000723c00000, 0x000000072cf00000, 0x000000078bf00000)
  object space 150528K, 60% used [0x0000000723c00000,0x00000007295556a0,0x000000072cf00000)
 Metaspace       used 10479K, capacity 10660K, committed 10880K, reserved 1058816K
  class space    used 1328K, capacity 1401K, committed 1408K, reserved 1048576K
}

