# JRE version: Java(TM) SE Runtime Environment (8.0_241-b07) (build 1.8.0_241-b07)
# Java VM: Java HotSpot(TM) 64-Bit Server VM (25.241-b07 mixed mode windows-amd64 compressed oops)
Heap:
 PSYoungGen      total 290304K, used 69355K [0x000000078bf00000, 0x00000007a2a00000, 0x00000007c0000000)
  eden space 246784K, 25% used [0x000000078bf00000,0x000000078fd92d68,0x000000079b000000)
  from space 43520K, 12% used [0x000000079b000000,0x000000079b528010,0x000000079da80000)
  to   space 33280K, 0% used [0x00000007a0980000,0x00000007a0980000,0x00000007a2a00000)
 ParOldGen       total 181760K, used 115394K [0x0000000723c00000, 0x000000072ed80000, 0x000000078bf00000)
  object space 181760K, 63% used [0x0000000723c00000,0x000000072acb0b10,0x000000072ed80000)
 Metaspace       used 10566K, capacity 10724K, committed 10880K, reserved 1058816K
  class space    used 1332K, capacity 1401K, committed 1408K, reserved 1048576K
GC Heap History (10 events):
Event: 49.814 GC heap before
{Heap before GC invocations=17 (full 1):
 PSYoungGen      total 290304K, used 252656K [0x000000078bf00000, 0x00000007a1200000, 0x00000007c0000000)
  eden space 246784K, 100% used [0x000000078bf00000,0x000000079b000000,0x000000079b000000)
  from space 43520K, 13% used [0x000000079b000000,0x000000079b5bc020,0x000000079da80000)
  to   space 30208K, 0% used [0x000000079da80000,0x000000079da80000,0x000000079f800000)
 ParOldGen       total 150016K, used 130805K [0x0000000723c00000, 0x000000072ce80000, 0x000000078bf00000)
  object space 150016K, 87% used [0x0000000723c00000,0x000000072bbbd560,0x000000072ce80000)
 Metaspace       used 10553K, capacity 10724K, committed 10880K, reserved 1058816K
  class space    used 1332K, capacity 1401K, committed 1408K, reserved 1048576K
Event: 49.826 GC heap after
Heap after GC invocations=17 (full 1):
 PSYoungGen      total 276992K, used 6752K [0x000000078bf00000, 0x00000007a1200000, 0x00000007c0000000)
  eden space 246784K, 0% used [0x000000078bf00000,0x000000078bf00000,0x000000079b000000)
  from space 30208K, 22% used [0x000000079da80000,0x000000079e1182b8,0x000000079f800000)
  to   space 43520K, 0% used [0x000000079b000000,0x000000079b000000,0x000000079da80000)
 ParOldGen       total 150016K, used 136621K [0x0000000723c00000, 0x000000072ce80000, 0x000000078bf00000)
  object space 150016K, 91% used [0x0000000723c00000,0x000000072c16b5b0,0x000000072ce80000)
 Metaspace       used 10553K, capacity 10724K, committed 10880K, reserved 1058816K
  class space    used 1332K, capacity 1401K, committed 1408K, reserved 1048576K
}
Event: 49.826 GC heap before
{Heap before GC invocations=18 (full 2):
 PSYoungGen      total 276992K, used 6752K [0x000000078bf00000, 0x00000007a1200000, 0x00000007c0000000)
  eden space 246784K, 0% used [0x000000078bf00000,0x000000078bf00000,0x000000079b000000)
  from space 30208K, 22% used [0x000000079da80000,0x000000079e1182b8,0x000000079f800000)
  to   space 43520K, 0% used [0x000000079b000000,0x000000079b000000,0x000000079da80000)
 ParOldGen       total 150016K, used 136621K [0x0000000723c00000, 0x000000072ce80000, 0x000000078bf00000)
  object space 150016K, 91% used [0x0000000723c00000,0x000000072c16b5b0,0x000000072ce80000)
 Metaspace       used 10553K, capacity 10724K, committed 10880K, reserved 1058816K
  class space    used 1332K, capacity 1401K, committed 1408K, reserved 1048576K
Event: 50.118 GC heap after
Heap after GC invocations=18 (full 2):
 PSYoungGen      total 276992K, used 0K [0x000000078bf00000, 0x00000007a1200000, 0x00000007c0000000)
  eden space 246784K, 0% used [0x000000078bf00000,0x000000078bf00000,0x000000079b000000)
  from space 30208K, 0% used [0x000000079da80000,0x000000079da80000,0x000000079f800000)
  to   space 43520K, 0% used [0x000000079b000000,0x000000079b000000,0x000000079da80000)
 ParOldGen       total 181760K, used 105274K [0x0000000723c00000, 0x000000072ed80000, 0x000000078bf00000)
  object space 181760K, 57% used [0x0000000723c00000,0x000000072a2ceb00,0x000000072ed80000)
 Metaspace       used 10553K, capacity 10724K, committed 10880K, reserved 1058816K
  class space    used 1332K, capacity 1401K, committed 1408K, reserved 1048576K
}
Event: 50.508 GC heap before
{Heap before GC invocations=19 (full 2):
 PSYoungGen      total 276992K, used 246784K [0x000000078bf00000, 0x00000007a1200000, 0x00000007c0000000)
  eden space 246784K, 100% used [0x000000078bf00000,0x000000079b000000,0x000000079b000000)
  from space 30208K, 0% used [0x000000079da80000,0x000000079da80000,0x000000079f800000)
  to   space 43520K, 0% used [0x000000079b000000,0x000000079b000000,0x000000079da80000)
 ParOldGen       total 181760K, used 105274K [0x0000000723c00000, 0x000000072ed80000, 0x000000078bf00000)
  object space 181760K, 57% used [0x0000000723c00000,0x000000072a2ceb00,0x000000072ed80000)
 Metaspace       used 10555K, capacity 10724K, committed 10880K, reserved 1058816K
  class space    used 1332K, capacity 1401K, committed 1408K, reserved 1048576K
Event: 50.516 GC heap after
Heap after GC invocations=19 (full 2):
 PSYoungGen      total 290304K, used 5056K [0x000000078bf00000, 0x00000007a1200000, 0x00000007c0000000)
  eden space 246784K, 0% used [0x000000078bf00000,0x000000078bf00000,0x000000079b000000)
  from space 43520K, 11% used [0x000000079b000000,0x000000079b4f0000,0x000000079da80000)
  to   space 30208K, 0% used [0x000000079da80000,0x000000079da80000,0x000000079f800000)
 ParOldGen       total 181760K, used 105274K [0x0000000723c00000, 0x000000072ed80000, 0x000000078bf00000)
  object space 181760K, 57% used [0x0000000723c00000,0x000000072a2ceb00,0x000000072ed80000)
 Metaspace       used 10555K, capacity 10724K, committed 10880K, reserved 1058816K
  class space    used 1332K, capacity 1401K, committed 1408K, reserved 1048576K
}
Event: 50.893 GC heap before
{Heap before GC invocations=20 (full 2):
 PSYoungGen      total 290304K, used 251840K [0x000000078bf00000, 0x00000007a1200000, 0x00000007c0000000)
  eden space 246784K, 100% used [0x000000078bf00000,0x000000079b000000,0x000000079b000000)
  from space 43520K, 11% used [0x000000079b000000,0x000000079b4f0000,0x000000079da80000)
  to   space 30208K, 0% used [0x000000079da80000,0x000000079da80000,0x000000079f800000)
 ParOldGen       total 181760K, used 105274K [0x0000000723c00000, 0x000000072ed80000, 0x000000078bf00000)
  object space 181760K, 57% used [0x0000000723c00000,0x000000072a2ceb00,0x000000072ed80000)
 Metaspace       used 10557K, capacity 10724K, committed 10880K, reserved 1058816K
  class space    used 1332K, capacity 1401K, committed 1408K, reserved 1048576K
Event: 50.906 GC heap after
Heap after GC invocations=20 (full 2):
 PSYoungGen      total 276992K, used 5152K [0x000000078bf00000, 0x00000007a1200000, 0x00000007c0000000)
  eden space 246784K, 0% used [0x000000078bf00000,0x000000078bf00000,0x000000079b000000)
  from space 30208K, 17% used [0x000000079da80000,0x000000079df88010,0x000000079f800000)
  to   space 43520K, 0% used [0x000000079b000000,0x000000079b000000,0x000000079da80000)
 ParOldGen       total 181760K, used 110306K [0x0000000723c00000, 0x000000072ed80000, 0x000000078bf00000)
  object space 181760K, 60% used [0x0000000723c00000,0x000000072a7b8b00,0x000000072ed80000)
 Metaspace       used 10557K, capacity 10724K, committed 10880K, reserved 1058816K
  class space    used 1332K, capacity 1401K, committed 1408K, reserved 1048576K
}
Event: 51.310 GC heap before
{Heap before GC invocations=21 (full 2):
 PSYoungGen      total 276992K, used 251936K [0x000000078bf00000, 0x00000007a1200000, 0x00000007c0000000)
  eden space 246784K, 100% used [0x000000078bf00000,0x000000079b000000,0x000000079b000000)
  from space 30208K, 17% used [0x000000079da80000,0x000000079df88010,0x000000079f800000)
  to   space 43520K, 0% used [0x000000079b000000,0x000000079b000000,0x000000079da80000)
 ParOldGen       total 181760K, used 110306K [0x0000000723c00000, 0x000000072ed80000, 0x000000078bf00000)
  object space 181760K, 60% used [0x0000000723c00000,0x000000072a7b8b00,0x000000072ed80000)
 Metaspace       used 10566K, capacity 10724K, committed 10880K, reserved 1058816K
  class space    used 1332K, capacity 1401K, committed 1408K, reserved 1048576K
Event: 51.324 GC heap after
Heap after GC invocations=21 (full 2):
 PSYoungGen      total 290304K, used 5280K [0x000000078bf00000, 0x00000007a2a00000, 0x00000007c0000000)
  eden space 246784K, 0% used [0x000000078bf00000,0x000000078bf00000,0x000000079b000000)
  from space 43520K, 12% used [0x000000079b000000,0x000000079b528010,0x000000079da80000)
  to   space 33280K, 0% used [0x00000007a0980000,0x00000007a0980000,0x00000007a2a00000)
 ParOldGen       total 181760K, used 115394K [0x0000000723c00000, 0x000000072ed80000, 0x000000078bf00000)
  object space 181760K, 63% used [0x0000000723c00000,0x000000072acb0b10,0x000000072ed80000)
 Metaspace       used 10566K, capacity 10724K, committed 10880K, reserved 1058816K
  class space    used 1332K, capacity 1401K, committed 1408K, reserved 1048576K
}

