# JRE version: Java(TM) SE Runtime Environment (8.0_241-b07) (build 1.8.0_241-b07)
# Java VM: Java HotSpot(TM) 64-Bit Server VM (25.241-b07 mixed mode windows-amd64 )
Heap:
 PSYoungGen      total 576000K, used 354146K [0x00000011c6d00000, 0x00000011f6880000, 0x00000019ea200000)
  eden space 518656K, 68% used [0x00000011c6d00000,0x00000011dc6d8998,0x00000011e6780000)
  from space 57344K, 0% used [0x00000011e6780000,0x00000011e6780000,0x00000011e9f80000)
  to   space 49664K, 0% used [0x00000011f3800000,0x00000011f3800000,0x00000011f6880000)
 ParOldGen       total 180224K, used 180217K [0x0000000180200000, 0x000000018b200000, 0x00000011c6d00000)
  object space 180224K, 99% used [0x0000000180200000,0x000000018b1fe6a8,0x000000018b200000)
 Metaspace       used 10900K, capacity 11191K, committed 11264K, reserved 12288K
GC Heap History (10 events):
Event: 75.088 GC heap before
{Heap before GC invocations=47 (full 30):
 PSYoungGen      total 576000K, used 518656K [0x00000011c6d00000, 0x00000011f6880000, 0x00000019ea200000)
  eden space 518656K, 100% used [0x00000011c6d00000,0x00000011e6780000,0x00000011e6780000)
  from space 57344K, 0% used [0x00000011e6780000,0x00000011e6780000,0x00000011e9f80000)
  to   space 49664K, 0% used [0x00000011f3800000,0x00000011f3800000,0x00000011f6880000)
 ParOldGen       total 180224K, used 179877K [0x0000000180200000, 0x000000018b200000, 0x00000011c6d00000)
  object space 180224K, 99% used [0x0000000180200000,0x000000018b1a9550,0x000000018b200000)
 Metaspace       used 10880K, capacity 11191K, committed 11264K, reserved 12288K
Event: 75.776 GC heap after
Heap after GC invocations=47 (full 30):
 PSYoungGen      total 576000K, used 203147K [0x00000011c6d00000, 0x00000011f6880000, 0x00000019ea200000)
  eden space 518656K, 39% used [0x00000011c6d00000,0x00000011d3362c88,0x00000011e6780000)
  from space 57344K, 0% used [0x00000011e6780000,0x00000011e6780000,0x00000011e9f80000)
  to   space 49664K, 0% used [0x00000011f3800000,0x00000011f3800000,0x00000011f6880000)
 ParOldGen       total 180224K, used 180176K [0x0000000180200000, 0x000000018b200000, 0x00000011c6d00000)
  object space 180224K, 99% used [0x0000000180200000,0x000000018b1f4118,0x000000018b200000)
 Metaspace       used 10880K, capacity 11191K, committed 11264K, reserved 12288K
}
Event: 76.118 GC heap before
{Heap before GC invocations=48 (full 31):
 PSYoungGen      total 576000K, used 518656K [0x00000011c6d00000, 0x00000011f6880000, 0x00000019ea200000)
  eden space 518656K, 100% used [0x00000011c6d00000,0x00000011e6780000,0x00000011e6780000)
  from space 57344K, 0% used [0x00000011e6780000,0x00000011e6780000,0x00000011e9f80000)
  to   space 49664K, 0% used [0x00000011f3800000,0x00000011f3800000,0x00000011f6880000)
 ParOldGen       total 180224K, used 180176K [0x0000000180200000, 0x000000018b200000, 0x00000011c6d00000)
  object space 180224K, 99% used [0x0000000180200000,0x000000018b1f4118,0x000000018b200000)
 Metaspace       used 10880K, capacity 11191K, committed 11264K, reserved 12288K
Event: 76.622 GC heap after
Heap after GC invocations=48 (full 31):
 PSYoungGen      total 576000K, used 208334K [0x00000011c6d00000, 0x00000011f6880000, 0x00000019ea200000)
  eden space 518656K, 40% used [0x00000011c6d00000,0x00000011d3873ae0,0x00000011e6780000)
  from space 57344K, 0% used [0x00000011e6780000,0x00000011e6780000,0x00000011e9f80000)
  to   space 49664K, 0% used [0x00000011f3800000,0x00000011f3800000,0x00000011f6880000)
 ParOldGen       total 180224K, used 179924K [0x0000000180200000, 0x000000018b200000, 0x00000011c6d00000)
  object space 180224K, 99% used [0x0000000180200000,0x000000018b1b52e0,0x000000018b200000)
 Metaspace       used 10880K, capacity 11191K, committed 11264K, reserved 12288K
}
Event: 76.937 GC heap before
{Heap before GC invocations=49 (full 32):
 PSYoungGen      total 576000K, used 518656K [0x00000011c6d00000, 0x00000011f6880000, 0x00000019ea200000)
  eden space 518656K, 100% used [0x00000011c6d00000,0x00000011e6780000,0x00000011e6780000)
  from space 57344K, 0% used [0x00000011e6780000,0x00000011e6780000,0x00000011e9f80000)
  to   space 49664K, 0% used [0x00000011f3800000,0x00000011f3800000,0x00000011f6880000)
 ParOldGen       total 180224K, used 179924K [0x0000000180200000, 0x000000018b200000, 0x00000011c6d00000)
  object space 180224K, 99% used [0x0000000180200000,0x000000018b1b52e0,0x000000018b200000)
 Metaspace       used 10882K, capacity 11191K, committed 11264K, reserved 12288K
Event: 77.757 GC heap after
Heap after GC invocations=49 (full 32):
 PSYoungGen      total 576000K, used 213845K [0x00000011c6d00000, 0x00000011f6880000, 0x00000019ea200000)
  eden space 518656K, 41% used [0x00000011c6d00000,0x00000011d3dd5530,0x00000011e6780000)
  from space 57344K, 0% used [0x00000011e6780000,0x00000011e6780000,0x00000011e9f80000)
  to   space 49664K, 0% used [0x00000011f3800000,0x00000011f3800000,0x00000011f6880000)
 ParOldGen       total 180224K, used 180177K [0x0000000180200000, 0x000000018b200000, 0x00000011c6d00000)
  object space 180224K, 99% used [0x0000000180200000,0x000000018b1f44c0,0x000000018b200000)
 Metaspace       used 10882K, capacity 11191K, committed 11264K, reserved 12288K
}
Event: 78.059 GC heap before
{Heap before GC invocations=50 (full 33):
 PSYoungGen      total 576000K, used 518656K [0x00000011c6d00000, 0x00000011f6880000, 0x00000019ea200000)
  eden space 518656K, 100% used [0x00000011c6d00000,0x00000011e6780000,0x00000011e6780000)
  from space 57344K, 0% used [0x00000011e6780000,0x00000011e6780000,0x00000011e9f80000)
  to   space 49664K, 0% used [0x00000011f3800000,0x00000011f3800000,0x00000011f6880000)
 ParOldGen       total 180224K, used 180177K [0x0000000180200000, 0x000000018b200000, 0x00000011c6d00000)
  object space 180224K, 99% used [0x0000000180200000,0x000000018b1f44c0,0x000000018b200000)
 Metaspace       used 10896K, capacity 11191K, committed 11264K, reserved 12288K
Event: 78.517 GC heap after
Heap after GC invocations=50 (full 33):
 PSYoungGen      total 576000K, used 219696K [0x00000011c6d00000, 0x00000011f6880000, 0x00000019ea200000)
  eden space 518656K, 42% used [0x00000011c6d00000,0x00000011d438c110,0x00000011e6780000)
  from space 57344K, 0% used [0x00000011e6780000,0x00000011e6780000,0x00000011e9f80000)
  to   space 49664K, 0% used [0x00000011f3800000,0x00000011f3800000,0x00000011f6880000)
 ParOldGen       total 180224K, used 179946K [0x0000000180200000, 0x000000018b200000, 0x00000011c6d00000)
  object space 180224K, 99% used [0x0000000180200000,0x000000018b1bab18,0x000000018b200000)
 Metaspace       used 10896K, capacity 11191K, committed 11264K, reserved 12288K
}
Event: 78.875 GC heap before
{Heap before GC invocations=51 (full 34):
 PSYoungGen      total 576000K, used 518656K [0x00000011c6d00000, 0x00000011f6880000, 0x00000019ea200000)
  eden space 518656K, 100% used [0x00000011c6d00000,0x00000011e6780000,0x00000011e6780000)
  from space 57344K, 0% used [0x00000011e6780000,0x00000011e6780000,0x00000011e9f80000)
  to   space 49664K, 0% used [0x00000011f3800000,0x00000011f3800000,0x00000011f6880000)
 ParOldGen       total 180224K, used 179946K [0x0000000180200000, 0x000000018b200000, 0x00000011c6d00000)
  object space 180224K, 99% used [0x0000000180200000,0x000000018b1bab18,0x000000018b200000)
 Metaspace       used 10899K, capacity 11191K, committed 11264K, reserved 12288K
Event: 79.600 GC heap after
Heap after GC invocations=51 (full 34):
 PSYoungGen      total 576000K, used 236378K [0x00000011c6d00000, 0x00000011f6880000, 0x00000019ea200000)
  eden space 518656K, 45% used [0x00000011c6d00000,0x00000011d53d6850,0x00000011e6780000)
  from space 57344K, 0% used [0x00000011e6780000,0x00000011e6780000,0x00000011e9f80000)
  to   space 49664K, 0% used [0x00000011f3800000,0x00000011f3800000,0x00000011f6880000)
 ParOldGen       total 180224K, used 180217K [0x0000000180200000, 0x000000018b200000, 0x00000011c6d00000)
  object space 180224K, 99% used [0x0000000180200000,0x000000018b1fe6a8,0x000000018b200000)
 Metaspace       used 10899K, capacity 11191K, committed 11264K, reserved 12288K
}

