# JRE version: Java(TM) SE Runtime Environment (8.0_241-b07) (build 1.8.0_241-b07)
# Java VM: Java HotSpot(TM) 64-Bit Server VM (25.241-b07 mixed mode windows-amd64 )
Heap:
 PSYoungGen      total 671232K, used 321884K [0x00000011c6d00000, 0x00000011f3880000, 0x00000019ea200000)
  eden space 617984K, 43% used [0x00000011c6d00000,0x00000011d767eb68,0x00000011ec880000)
  from space 53248K, 93% used [0x00000011ec880000,0x00000011ef958580,0x00000011efc80000)
  to   space 51200K, 0% used [0x00000011efc80000,0x00000011efc80000,0x00000011f2e80000)
 ParOldGen       total 242688K, used 142656K [0x0000000180200000, 0x000000018ef00000, 0x00000011c6d00000)
  object space 242688K, 58% used [0x0000000180200000,0x0000000188d500e8,0x000000018ef00000)
 Metaspace       used 10709K, capacity 10999K, committed 11264K, reserved 12288K
GC Heap History (10 events):
Event: 49.738 GC heap before
{Heap before GC invocations=18 (full 3):
 PSYoungGen      total 600576K, used 12277K [0x00000011c6d00000, 0x00000011ef000000, 0x00000019ea200000)
  eden space 543744K, 0% used [0x00000011c6d00000,0x00000011c6d00000,0x00000011e8000000)
  from space 56832K, 21% used [0x00000011e8000000,0x00000011e8bfd720,0x00000011eb780000)
  to   space 51712K, 0% used [0x00000011eb780000,0x00000011eb780000,0x00000011eea00000)
 ParOldGen       total 218624K, used 197586K [0x0000000180200000, 0x000000018d780000, 0x00000011c6d00000)
  object space 218624K, 90% used [0x0000000180200000,0x000000018c2f4b50,0x000000018d780000)
 Metaspace       used 10548K, capacity 10807K, committed 11008K, reserved 12288K
Event: 50.164 GC heap after
Heap after GC invocations=18 (full 3):
 PSYoungGen      total 600576K, used 0K [0x00000011c6d00000, 0x00000011ef000000, 0x00000019ea200000)
  eden space 543744K, 0% used [0x00000011c6d00000,0x00000011c6d00000,0x00000011e8000000)
  from space 56832K, 0% used [0x00000011e8000000,0x00000011e8000000,0x00000011eb780000)
  to   space 51712K, 0% used [0x00000011eb780000,0x00000011eb780000,0x00000011eea00000)
 ParOldGen       total 242688K, used 142656K [0x0000000180200000, 0x000000018ef00000, 0x00000011c6d00000)
  object space 242688K, 58% used [0x0000000180200000,0x0000000188d500e8,0x000000018ef00000)
 Metaspace       used 10548K, capacity 10807K, committed 11008K, reserved 12288K
}
Event: 50.847 GC heap before
{Heap before GC invocations=19 (full 3):
 PSYoungGen      total 600576K, used 543744K [0x00000011c6d00000, 0x00000011ef000000, 0x00000019ea200000)
  eden space 543744K, 100% used [0x00000011c6d00000,0x00000011e8000000,0x00000011e8000000)
  from space 56832K, 0% used [0x00000011e8000000,0x00000011e8000000,0x00000011eb780000)
  to   space 51712K, 0% used [0x00000011eb780000,0x00000011eb780000,0x00000011eea00000)
 ParOldGen       total 242688K, used 142656K [0x0000000180200000, 0x000000018ef00000, 0x00000011c6d00000)
  object space 242688K, 58% used [0x0000000180200000,0x0000000188d500e8,0x000000018ef00000)
 Metaspace       used 10561K, capacity 10871K, committed 11008K, reserved 12288K
Event: 50.861 GC heap after
Heap after GC invocations=19 (full 3):
 PSYoungGen      total 595456K, used 13921K [0x00000011c6d00000, 0x00000011ef000000, 0x00000019ea200000)
  eden space 543744K, 0% used [0x00000011c6d00000,0x00000011c6d00000,0x00000011e8000000)
  from space 51712K, 26% used [0x00000011eb780000,0x00000011ec518538,0x00000011eea00000)
  to   space 56832K, 0% used [0x00000011e8000000,0x00000011e8000000,0x00000011eb780000)
 ParOldGen       total 242688K, used 142656K [0x0000000180200000, 0x000000018ef00000, 0x00000011c6d00000)
  object space 242688K, 58% used [0x0000000180200000,0x0000000188d500e8,0x000000018ef00000)
 Metaspace       used 10561K, capacity 10871K, committed 11008K, reserved 12288K
}
Event: 51.496 GC heap before
{Heap before GC invocations=20 (full 3):
 PSYoungGen      total 595456K, used 557665K [0x00000011c6d00000, 0x00000011ef000000, 0x00000019ea200000)
  eden space 543744K, 100% used [0x00000011c6d00000,0x00000011e8000000,0x00000011e8000000)
  from space 51712K, 26% used [0x00000011eb780000,0x00000011ec518538,0x00000011eea00000)
  to   space 56832K, 0% used [0x00000011e8000000,0x00000011e8000000,0x00000011eb780000)
 ParOldGen       total 242688K, used 142656K [0x0000000180200000, 0x000000018ef00000, 0x00000011c6d00000)
  object space 242688K, 58% used [0x0000000180200000,0x0000000188d500e8,0x000000018ef00000)
 Metaspace       used 10564K, capacity 10871K, committed 11008K, reserved 12288K
Event: 51.512 GC heap after
Heap after GC invocations=20 (full 3):
 PSYoungGen      total 600576K, used 24353K [0x00000011c6d00000, 0x00000011f2e80000, 0x00000019ea200000)
  eden space 543744K, 0% used [0x00000011c6d00000,0x00000011c6d00000,0x00000011e8000000)
  from space 56832K, 42% used [0x00000011e8000000,0x00000011e97c8538,0x00000011eb780000)
  to   space 51200K, 0% used [0x00000011efc80000,0x00000011efc80000,0x00000011f2e80000)
 ParOldGen       total 242688K, used 142656K [0x0000000180200000, 0x000000018ef00000, 0x00000011c6d00000)
  object space 242688K, 58% used [0x0000000180200000,0x0000000188d500e8,0x000000018ef00000)
 Metaspace       used 10564K, capacity 10871K, committed 11008K, reserved 12288K
}
Event: 52.115 GC heap before
{Heap before GC invocations=21 (full 3):
 PSYoungGen      total 600576K, used 568097K [0x00000011c6d00000, 0x00000011f2e80000, 0x00000019ea200000)
  eden space 543744K, 100% used [0x00000011c6d00000,0x00000011e8000000,0x00000011e8000000)
  from space 56832K, 42% used [0x00000011e8000000,0x00000011e97c8538,0x00000011eb780000)
  to   space 51200K, 0% used [0x00000011efc80000,0x00000011efc80000,0x00000011f2e80000)
 ParOldGen       total 242688K, used 142656K [0x0000000180200000, 0x000000018ef00000, 0x00000011c6d00000)
  object space 242688K, 58% used [0x0000000180200000,0x0000000188d500e8,0x000000018ef00000)
 Metaspace       used 10574K, capacity 10871K, committed 11008K, reserved 12288K
Event: 52.143 GC heap after
Heap after GC invocations=21 (full 3):
 PSYoungGen      total 669184K, used 35777K [0x00000011c6d00000, 0x00000011f3880000, 0x00000019ea200000)
  eden space 617984K, 0% used [0x00000011c6d00000,0x00000011c6d00000,0x00000011ec880000)
  from space 51200K, 69% used [0x00000011efc80000,0x00000011f1f70568,0x00000011f2e80000)
  to   space 53248K, 0% used [0x00000011ec880000,0x00000011ec880000,0x00000011efc80000)
 ParOldGen       total 242688K, used 142656K [0x0000000180200000, 0x000000018ef00000, 0x00000011c6d00000)
  object space 242688K, 58% used [0x0000000180200000,0x0000000188d500e8,0x000000018ef00000)
 Metaspace       used 10574K, capacity 10871K, committed 11008K, reserved 12288K
}
Event: 52.924 GC heap before
{Heap before GC invocations=22 (full 3):
 PSYoungGen      total 669184K, used 653761K [0x00000011c6d00000, 0x00000011f3880000, 0x00000019ea200000)
  eden space 617984K, 100% used [0x00000011c6d00000,0x00000011ec880000,0x00000011ec880000)
  from space 51200K, 69% used [0x00000011efc80000,0x00000011f1f70568,0x00000011f2e80000)
  to   space 53248K, 0% used [0x00000011ec880000,0x00000011ec880000,0x00000011efc80000)
 ParOldGen       total 242688K, used 142656K [0x0000000180200000, 0x000000018ef00000, 0x00000011c6d00000)
  object space 242688K, 58% used [0x0000000180200000,0x0000000188d500e8,0x000000018ef00000)
 Metaspace       used 10708K, capacity 10999K, committed 11264K, reserved 12288K
Event: 52.968 GC heap after
Heap after GC invocations=22 (full 3):
 PSYoungGen      total 671232K, used 50017K [0x00000011c6d00000, 0x00000011f3880000, 0x00000019ea200000)
  eden space 617984K, 0% used [0x00000011c6d00000,0x00000011c6d00000,0x00000011ec880000)
  from space 53248K, 93% used [0x00000011ec880000,0x00000011ef958580,0x00000011efc80000)
  to   space 51200K, 0% used [0x00000011efc80000,0x00000011efc80000,0x00000011f2e80000)
 ParOldGen       total 242688K, used 142656K [0x0000000180200000, 0x000000018ef00000, 0x00000011c6d00000)
  object space 242688K, 58% used [0x0000000180200000,0x0000000188d500e8,0x000000018ef00000)
 Metaspace       used 10708K, capacity 10999K, committed 11264K, reserved 12288K
}

